

Started GET "/" for 127.0.0.1 at 2014-07-12 17:41:20 +0700
Processing by Rails::WelcomeController#index as HTML
  Rendered /Library/Ruby/Gems/2.0.0/gems/railties-4.1.4/lib/rails/templates/rails/welcome/index.html.erb (1.3ms)
Completed 200 OK in 27ms (Views: 5.8ms | ActiveRecord: 0.0ms)


Started GET "/" for 127.0.0.1 at 2014-07-12 17:47:01 +0700
Processing by WelcomeController#index as HTML
  Rendered welcome/index.html.erb within layouts/application (0.9ms)
Completed 200 OK in 972ms (Views: 951.7ms | ActiveRecord: 0.0ms)


Started GET "/assets/welcome.css?body=1" for 127.0.0.1 at 2014-07-12 17:47:02 +0700


Started GET "/assets/application.css?body=1" for 127.0.0.1 at 2014-07-12 17:47:02 +0700


Started GET "/assets/jquery.js?body=1" for 127.0.0.1 at 2014-07-12 17:47:02 +0700


Started GET "/assets/jquery_ujs.js?body=1" for 127.0.0.1 at 2014-07-12 17:47:02 +0700


Started GET "/assets/welcome.js?body=1" for 127.0.0.1 at 2014-07-12 17:47:02 +0700


Started GET "/assets/application.js?body=1" for 127.0.0.1 at 2014-07-12 17:47:02 +0700


Started GET "/assets/turbolinks.js?body=1" for 127.0.0.1 at 2014-07-12 17:47:02 +0700


Started GET "/articles/new" for 127.0.0.1 at 2014-07-12 17:51:49 +0700

ActionController::RoutingError (uninitialized constant ArticlesController):
  activesupport (4.1.4) lib/active_support/inflector/methods.rb:238:in `const_get'
  activesupport (4.1.4) lib/active_support/inflector/methods.rb:238:in `block in constantize'
  activesupport (4.1.4) lib/active_support/inflector/methods.rb:236:in `each'
  activesupport (4.1.4) lib/active_support/inflector/methods.rb:236:in `inject'
  activesupport (4.1.4) lib/active_support/inflector/methods.rb:236:in `constantize'
  actionpack (4.1.4) lib/action_dispatch/routing/route_set.rb:78:in `controller_reference'
  actionpack (4.1.4) lib/action_dispatch/routing/route_set.rb:68:in `controller'
  actionpack (4.1.4) lib/action_dispatch/routing/route_set.rb:46:in `call'
  actionpack (4.1.4) lib/action_dispatch/journey/router.rb:71:in `block in call'
  actionpack (4.1.4) lib/action_dispatch/journey/router.rb:59:in `each'
  actionpack (4.1.4) lib/action_dispatch/journey/router.rb:59:in `call'
  actionpack (4.1.4) lib/action_dispatch/routing/route_set.rb:678:in `call'
  rack (1.5.2) lib/rack/etag.rb:23:in `call'
  rack (1.5.2) lib/rack/conditionalget.rb:25:in `call'
  rack (1.5.2) lib/rack/head.rb:11:in `call'
  actionpack (4.1.4) lib/action_dispatch/middleware/params_parser.rb:27:in `call'
  actionpack (4.1.4) lib/action_dispatch/middleware/flash.rb:254:in `call'
  rack (1.5.2) lib/rack/session/abstract/id.rb:225:in `context'
  rack (1.5.2) lib/rack/session/abstract/id.rb:220:in `call'
  actionpack (4.1.4) lib/action_dispatch/middleware/cookies.rb:560:in `call'
  activerecord (4.1.4) lib/active_record/query_cache.rb:36:in `call'
  activerecord (4.1.4) lib/active_record/connection_adapters/abstract/connection_pool.rb:621:in `call'
  activerecord (4.1.4) lib/active_record/migration.rb:380:in `call'
  actionpack (4.1.4) lib/action_dispatch/middleware/callbacks.rb:29:in `block in call'
  activesupport (4.1.4) lib/active_support/callbacks.rb:82:in `run_callbacks'
  actionpack (4.1.4) lib/action_dispatch/middleware/callbacks.rb:27:in `call'
  actionpack (4.1.4) lib/action_dispatch/middleware/reloader.rb:73:in `call'
  actionpack (4.1.4) lib/action_dispatch/middleware/remote_ip.rb:76:in `call'
  actionpack (4.1.4) lib/action_dispatch/middleware/debug_exceptions.rb:17:in `call'
  actionpack (4.1.4) lib/action_dispatch/middleware/show_exceptions.rb:30:in `call'
  railties (4.1.4) lib/rails/rack/logger.rb:38:in `call_app'
  railties (4.1.4) lib/rails/rack/logger.rb:20:in `block in call'
  activesupport (4.1.4) lib/active_support/tagged_logging.rb:68:in `block in tagged'
  activesupport (4.1.4) lib/active_support/tagged_logging.rb:26:in `tagged'
  activesupport (4.1.4) lib/active_support/tagged_logging.rb:68:in `tagged'
  railties (4.1.4) lib/rails/rack/logger.rb:20:in `call'
  actionpack (4.1.4) lib/action_dispatch/middleware/request_id.rb:21:in `call'
  rack (1.5.2) lib/rack/methodoverride.rb:21:in `call'
  rack (1.5.2) lib/rack/runtime.rb:17:in `call'
  activesupport (4.1.4) lib/active_support/cache/strategy/local_cache_middleware.rb:26:in `call'
  rack (1.5.2) lib/rack/lock.rb:17:in `call'
  actionpack (4.1.4) lib/action_dispatch/middleware/static.rb:64:in `call'
  rack (1.5.2) lib/rack/sendfile.rb:112:in `call'
  railties (4.1.4) lib/rails/engine.rb:514:in `call'
  railties (4.1.4) lib/rails/application.rb:144:in `call'
  rack (1.5.2) lib/rack/lock.rb:17:in `call'
  rack (1.5.2) lib/rack/content_length.rb:14:in `call'
  rack (1.5.2) lib/rack/handler/webrick.rb:60:in `service'
  /System/Library/Frameworks/Ruby.framework/Versions/2.0/usr/lib/ruby/2.0.0/webrick/httpserver.rb:138:in `service'
  /System/Library/Frameworks/Ruby.framework/Versions/2.0/usr/lib/ruby/2.0.0/webrick/httpserver.rb:94:in `run'
  /System/Library/Frameworks/Ruby.framework/Versions/2.0/usr/lib/ruby/2.0.0/webrick/server.rb:295:in `block in start_thread'


  Rendered /Library/Ruby/Gems/2.0.0/gems/actionpack-4.1.4/lib/action_dispatch/middleware/templates/rescues/_trace.html.erb (0.9ms)
  Rendered /Library/Ruby/Gems/2.0.0/gems/actionpack-4.1.4/lib/action_dispatch/middleware/templates/routes/_route.html.erb (1.1ms)
  Rendered /Library/Ruby/Gems/2.0.0/gems/actionpack-4.1.4/lib/action_dispatch/middleware/templates/routes/_table.html.erb (4.3ms)
  Rendered /Library/Ruby/Gems/2.0.0/gems/actionpack-4.1.4/lib/action_dispatch/middleware/templates/rescues/routing_error.html.erb within rescues/layout (25.3ms)


Started GET "/articles/new" for 127.0.0.1 at 2014-07-12 17:51:59 +0700

ActionController::RoutingError (uninitialized constant ArticlesController):
  activesupport (4.1.4) lib/active_support/inflector/methods.rb:238:in `const_get'
  activesupport (4.1.4) lib/active_support/inflector/methods.rb:238:in `block in constantize'
  activesupport (4.1.4) lib/active_support/inflector/methods.rb:236:in `each'
  activesupport (4.1.4) lib/active_support/inflector/methods.rb:236:in `inject'
  activesupport (4.1.4) lib/active_support/inflector/methods.rb:236:in `constantize'
  actionpack (4.1.4) lib/action_dispatch/routing/route_set.rb:78:in `controller_reference'
  actionpack (4.1.4) lib/action_dispatch/routing/route_set.rb:68:in `controller'
  actionpack (4.1.4) lib/action_dispatch/routing/route_set.rb:46:in `call'
  actionpack (4.1.4) lib/action_dispatch/journey/router.rb:71:in `block in call'
  actionpack (4.1.4) lib/action_dispatch/journey/router.rb:59:in `each'
  actionpack (4.1.4) lib/action_dispatch/journey/router.rb:59:in `call'
  actionpack (4.1.4) lib/action_dispatch/routing/route_set.rb:678:in `call'
  rack (1.5.2) lib/rack/etag.rb:23:in `call'
  rack (1.5.2) lib/rack/conditionalget.rb:25:in `call'
  rack (1.5.2) lib/rack/head.rb:11:in `call'
  actionpack (4.1.4) lib/action_dispatch/middleware/params_parser.rb:27:in `call'
  actionpack (4.1.4) lib/action_dispatch/middleware/flash.rb:254:in `call'
  rack (1.5.2) lib/rack/session/abstract/id.rb:225:in `context'
  rack (1.5.2) lib/rack/session/abstract/id.rb:220:in `call'
  actionpack (4.1.4) lib/action_dispatch/middleware/cookies.rb:560:in `call'
  activerecord (4.1.4) lib/active_record/query_cache.rb:36:in `call'
  activerecord (4.1.4) lib/active_record/connection_adapters/abstract/connection_pool.rb:621:in `call'
  activerecord (4.1.4) lib/active_record/migration.rb:380:in `call'
  actionpack (4.1.4) lib/action_dispatch/middleware/callbacks.rb:29:in `block in call'
  activesupport (4.1.4) lib/active_support/callbacks.rb:82:in `run_callbacks'
  actionpack (4.1.4) lib/action_dispatch/middleware/callbacks.rb:27:in `call'
  actionpack (4.1.4) lib/action_dispatch/middleware/reloader.rb:73:in `call'
  actionpack (4.1.4) lib/action_dispatch/middleware/remote_ip.rb:76:in `call'
  actionpack (4.1.4) lib/action_dispatch/middleware/debug_exceptions.rb:17:in `call'
  actionpack (4.1.4) lib/action_dispatch/middleware/show_exceptions.rb:30:in `call'
  railties (4.1.4) lib/rails/rack/logger.rb:38:in `call_app'
  railties (4.1.4) lib/rails/rack/logger.rb:20:in `block in call'
  activesupport (4.1.4) lib/active_support/tagged_logging.rb:68:in `block in tagged'
  activesupport (4.1.4) lib/active_support/tagged_logging.rb:26:in `tagged'
  activesupport (4.1.4) lib/active_support/tagged_logging.rb:68:in `tagged'
  railties (4.1.4) lib/rails/rack/logger.rb:20:in `call'
  actionpack (4.1.4) lib/action_dispatch/middleware/request_id.rb:21:in `call'
  rack (1.5.2) lib/rack/methodoverride.rb:21:in `call'
  rack (1.5.2) lib/rack/runtime.rb:17:in `call'
  activesupport (4.1.4) lib/active_support/cache/strategy/local_cache_middleware.rb:26:in `call'
  rack (1.5.2) lib/rack/lock.rb:17:in `call'
  actionpack (4.1.4) lib/action_dispatch/middleware/static.rb:64:in `call'
  rack (1.5.2) lib/rack/sendfile.rb:112:in `call'
  railties (4.1.4) lib/rails/engine.rb:514:in `call'
  railties (4.1.4) lib/rails/application.rb:144:in `call'
  rack (1.5.2) lib/rack/lock.rb:17:in `call'
  rack (1.5.2) lib/rack/content_length.rb:14:in `call'
  rack (1.5.2) lib/rack/handler/webrick.rb:60:in `service'
  /System/Library/Frameworks/Ruby.framework/Versions/2.0/usr/lib/ruby/2.0.0/webrick/httpserver.rb:138:in `service'
  /System/Library/Frameworks/Ruby.framework/Versions/2.0/usr/lib/ruby/2.0.0/webrick/httpserver.rb:94:in `run'
  /System/Library/Frameworks/Ruby.framework/Versions/2.0/usr/lib/ruby/2.0.0/webrick/server.rb:295:in `block in start_thread'


  Rendered /Library/Ruby/Gems/2.0.0/gems/actionpack-4.1.4/lib/action_dispatch/middleware/templates/rescues/_trace.html.erb (1.1ms)
  Rendered /Library/Ruby/Gems/2.0.0/gems/actionpack-4.1.4/lib/action_dispatch/middleware/templates/routes/_route.html.erb (1.2ms)
  Rendered /Library/Ruby/Gems/2.0.0/gems/actionpack-4.1.4/lib/action_dispatch/middleware/templates/routes/_table.html.erb (0.9ms)
  Rendered /Library/Ruby/Gems/2.0.0/gems/actionpack-4.1.4/lib/action_dispatch/middleware/templates/rescues/routing_error.html.erb within rescues/layout (18.3ms)


Started GET "/articles/new" for 127.0.0.1 at 2014-07-12 17:53:16 +0700

AbstractController::ActionNotFound (The action 'new' could not be found for ArticlesController):
  actionpack (4.1.4) lib/abstract_controller/base.rb:131:in `process'
  actionview (4.1.4) lib/action_view/rendering.rb:30:in `process'
  actionpack (4.1.4) lib/action_controller/metal.rb:196:in `dispatch'
  actionpack (4.1.4) lib/action_controller/metal/rack_delegation.rb:13:in `dispatch'
  actionpack (4.1.4) lib/action_controller/metal.rb:232:in `block in action'
  actionpack (4.1.4) lib/action_dispatch/routing/route_set.rb:82:in `call'
  actionpack (4.1.4) lib/action_dispatch/routing/route_set.rb:82:in `dispatch'
  actionpack (4.1.4) lib/action_dispatch/routing/route_set.rb:50:in `call'
  actionpack (4.1.4) lib/action_dispatch/journey/router.rb:71:in `block in call'
  actionpack (4.1.4) lib/action_dispatch/journey/router.rb:59:in `each'
  actionpack (4.1.4) lib/action_dispatch/journey/router.rb:59:in `call'
  actionpack (4.1.4) lib/action_dispatch/routing/route_set.rb:678:in `call'
  rack (1.5.2) lib/rack/etag.rb:23:in `call'
  rack (1.5.2) lib/rack/conditionalget.rb:25:in `call'
  rack (1.5.2) lib/rack/head.rb:11:in `call'
  actionpack (4.1.4) lib/action_dispatch/middleware/params_parser.rb:27:in `call'
  actionpack (4.1.4) lib/action_dispatch/middleware/flash.rb:254:in `call'
  rack (1.5.2) lib/rack/session/abstract/id.rb:225:in `context'
  rack (1.5.2) lib/rack/session/abstract/id.rb:220:in `call'
  actionpack (4.1.4) lib/action_dispatch/middleware/cookies.rb:560:in `call'
  activerecord (4.1.4) lib/active_record/query_cache.rb:36:in `call'
  activerecord (4.1.4) lib/active_record/connection_adapters/abstract/connection_pool.rb:621:in `call'
  activerecord (4.1.4) lib/active_record/migration.rb:380:in `call'
  actionpack (4.1.4) lib/action_dispatch/middleware/callbacks.rb:29:in `block in call'
  activesupport (4.1.4) lib/active_support/callbacks.rb:82:in `run_callbacks'
  actionpack (4.1.4) lib/action_dispatch/middleware/callbacks.rb:27:in `call'
  actionpack (4.1.4) lib/action_dispatch/middleware/reloader.rb:73:in `call'
  actionpack (4.1.4) lib/action_dispatch/middleware/remote_ip.rb:76:in `call'
  actionpack (4.1.4) lib/action_dispatch/middleware/debug_exceptions.rb:17:in `call'
  actionpack (4.1.4) lib/action_dispatch/middleware/show_exceptions.rb:30:in `call'
  railties (4.1.4) lib/rails/rack/logger.rb:38:in `call_app'
  railties (4.1.4) lib/rails/rack/logger.rb:20:in `block in call'
  activesupport (4.1.4) lib/active_support/tagged_logging.rb:68:in `block in tagged'
  activesupport (4.1.4) lib/active_support/tagged_logging.rb:26:in `tagged'
  activesupport (4.1.4) lib/active_support/tagged_logging.rb:68:in `tagged'
  railties (4.1.4) lib/rails/rack/logger.rb:20:in `call'
  actionpack (4.1.4) lib/action_dispatch/middleware/request_id.rb:21:in `call'
  rack (1.5.2) lib/rack/methodoverride.rb:21:in `call'
  rack (1.5.2) lib/rack/runtime.rb:17:in `call'
  activesupport (4.1.4) lib/active_support/cache/strategy/local_cache_middleware.rb:26:in `call'
  rack (1.5.2) lib/rack/lock.rb:17:in `call'
  actionpack (4.1.4) lib/action_dispatch/middleware/static.rb:64:in `call'
  rack (1.5.2) lib/rack/sendfile.rb:112:in `call'
  railties (4.1.4) lib/rails/engine.rb:514:in `call'
  railties (4.1.4) lib/rails/application.rb:144:in `call'
  rack (1.5.2) lib/rack/lock.rb:17:in `call'
  rack (1.5.2) lib/rack/content_length.rb:14:in `call'
  rack (1.5.2) lib/rack/handler/webrick.rb:60:in `service'
  /System/Library/Frameworks/Ruby.framework/Versions/2.0/usr/lib/ruby/2.0.0/webrick/httpserver.rb:138:in `service'
  /System/Library/Frameworks/Ruby.framework/Versions/2.0/usr/lib/ruby/2.0.0/webrick/httpserver.rb:94:in `run'
  /System/Library/Frameworks/Ruby.framework/Versions/2.0/usr/lib/ruby/2.0.0/webrick/server.rb:295:in `block in start_thread'


  Rendered /Library/Ruby/Gems/2.0.0/gems/actionpack-4.1.4/lib/action_dispatch/middleware/templates/rescues/unknown_action.html.erb within rescues/layout (0.4ms)


Started GET "/articles/new" for 127.0.0.1 at 2014-07-12 17:54:19 +0700
Processing by ArticlesController#new as HTML
Completed 500 Internal Server Error in 2ms

ActionView::MissingTemplate (Missing template articles/new, application/new with {:locale=>[:en], :formats=>[:html], :variants=>[], :handlers=>[:erb, :builder, :raw, :ruby, :jbuilder, :coffee]}. Searched in:
  * "/Users/QuangRau/Dropbox/projects/ruby/blog/app/views"
):
  actionview (4.1.4) lib/action_view/path_set.rb:46:in `find'
  actionview (4.1.4) lib/action_view/lookup_context.rb:124:in `find'
  actionview (4.1.4) lib/action_view/renderer/abstract_renderer.rb:18:in `find_template'
  actionview (4.1.4) lib/action_view/renderer/template_renderer.rb:41:in `determine_template'
  actionview (4.1.4) lib/action_view/renderer/template_renderer.rb:8:in `render'
  actionview (4.1.4) lib/action_view/renderer/renderer.rb:42:in `render_template'
  actionview (4.1.4) lib/action_view/renderer/renderer.rb:23:in `render'
  actionview (4.1.4) lib/action_view/rendering.rb:99:in `_render_template'
  actionpack (4.1.4) lib/action_controller/metal/streaming.rb:217:in `_render_template'
  actionview (4.1.4) lib/action_view/rendering.rb:82:in `render_to_body'
  actionpack (4.1.4) lib/action_controller/metal/rendering.rb:32:in `render_to_body'
  actionpack (4.1.4) lib/action_controller/metal/renderers.rb:32:in `render_to_body'
  actionpack (4.1.4) lib/abstract_controller/rendering.rb:25:in `render'
  actionpack (4.1.4) lib/action_controller/metal/rendering.rb:16:in `render'
  actionpack (4.1.4) lib/action_controller/metal/instrumentation.rb:41:in `block (2 levels) in render'
  activesupport (4.1.4) lib/active_support/core_ext/benchmark.rb:12:in `block in ms'
  /System/Library/Frameworks/Ruby.framework/Versions/2.0/usr/lib/ruby/2.0.0/benchmark.rb:296:in `realtime'
  activesupport (4.1.4) lib/active_support/core_ext/benchmark.rb:12:in `ms'
  actionpack (4.1.4) lib/action_controller/metal/instrumentation.rb:41:in `block in render'
  actionpack (4.1.4) lib/action_controller/metal/instrumentation.rb:84:in `cleanup_view_runtime'
  activerecord (4.1.4) lib/active_record/railties/controller_runtime.rb:25:in `cleanup_view_runtime'
  actionpack (4.1.4) lib/action_controller/metal/instrumentation.rb:40:in `render'
  actionpack (4.1.4) lib/action_controller/metal/implicit_render.rb:10:in `default_render'
  actionpack (4.1.4) lib/action_controller/metal/implicit_render.rb:5:in `send_action'
  actionpack (4.1.4) lib/abstract_controller/base.rb:189:in `process_action'
  actionpack (4.1.4) lib/action_controller/metal/rendering.rb:10:in `process_action'
  actionpack (4.1.4) lib/abstract_controller/callbacks.rb:20:in `block in process_action'
  activesupport (4.1.4) lib/active_support/callbacks.rb:113:in `call'
  activesupport (4.1.4) lib/active_support/callbacks.rb:113:in `call'
  activesupport (4.1.4) lib/active_support/callbacks.rb:229:in `block in halting'
  activesupport (4.1.4) lib/active_support/callbacks.rb:229:in `call'
  activesupport (4.1.4) lib/active_support/callbacks.rb:229:in `block in halting'
  activesupport (4.1.4) lib/active_support/callbacks.rb:166:in `call'
  activesupport (4.1.4) lib/active_support/callbacks.rb:166:in `block in halting'
  activesupport (4.1.4) lib/active_support/callbacks.rb:166:in `call'
  activesupport (4.1.4) lib/active_support/callbacks.rb:166:in `block in halting'
  activesupport (4.1.4) lib/active_support/callbacks.rb:166:in `call'
  activesupport (4.1.4) lib/active_support/callbacks.rb:166:in `block in halting'
  activesupport (4.1.4) lib/active_support/callbacks.rb:86:in `call'
  activesupport (4.1.4) lib/active_support/callbacks.rb:86:in `run_callbacks'
  actionpack (4.1.4) lib/abstract_controller/callbacks.rb:19:in `process_action'
  actionpack (4.1.4) lib/action_controller/metal/rescue.rb:29:in `process_action'
  actionpack (4.1.4) lib/action_controller/metal/instrumentation.rb:31:in `block in process_action'
  activesupport (4.1.4) lib/active_support/notifications.rb:159:in `block in instrument'
  activesupport (4.1.4) lib/active_support/notifications/instrumenter.rb:20:in `instrument'
  activesupport (4.1.4) lib/active_support/notifications.rb:159:in `instrument'
  actionpack (4.1.4) lib/action_controller/metal/instrumentation.rb:30:in `process_action'
  actionpack (4.1.4) lib/action_controller/metal/params_wrapper.rb:250:in `process_action'
  activerecord (4.1.4) lib/active_record/railties/controller_runtime.rb:18:in `process_action'
  actionpack (4.1.4) lib/abstract_controller/base.rb:136:in `process'
  actionview (4.1.4) lib/action_view/rendering.rb:30:in `process'
  actionpack (4.1.4) lib/action_controller/metal.rb:196:in `dispatch'
  actionpack (4.1.4) lib/action_controller/metal/rack_delegation.rb:13:in `dispatch'
  actionpack (4.1.4) lib/action_controller/metal.rb:232:in `block in action'
  actionpack (4.1.4) lib/action_dispatch/routing/route_set.rb:82:in `call'
  actionpack (4.1.4) lib/action_dispatch/routing/route_set.rb:82:in `dispatch'
  actionpack (4.1.4) lib/action_dispatch/routing/route_set.rb:50:in `call'
  actionpack (4.1.4) lib/action_dispatch/journey/router.rb:71:in `block in call'
  actionpack (4.1.4) lib/action_dispatch/journey/router.rb:59:in `each'
  actionpack (4.1.4) lib/action_dispatch/journey/router.rb:59:in `call'
  actionpack (4.1.4) lib/action_dispatch/routing/route_set.rb:678:in `call'
  rack (1.5.2) lib/rack/etag.rb:23:in `call'
  rack (1.5.2) lib/rack/conditionalget.rb:25:in `call'
  rack (1.5.2) lib/rack/head.rb:11:in `call'
  actionpack (4.1.4) lib/action_dispatch/middleware/params_parser.rb:27:in `call'
  actionpack (4.1.4) lib/action_dispatch/middleware/flash.rb:254:in `call'
  rack (1.5.2) lib/rack/session/abstract/id.rb:225:in `context'
  rack (1.5.2) lib/rack/session/abstract/id.rb:220:in `call'
  actionpack (4.1.4) lib/action_dispatch/middleware/cookies.rb:560:in `call'
  activerecord (4.1.4) lib/active_record/query_cache.rb:36:in `call'
  activerecord (4.1.4) lib/active_record/connection_adapters/abstract/connection_pool.rb:621:in `call'
  activerecord (4.1.4) lib/active_record/migration.rb:380:in `call'
  actionpack (4.1.4) lib/action_dispatch/middleware/callbacks.rb:29:in `block in call'
  activesupport (4.1.4) lib/active_support/callbacks.rb:82:in `run_callbacks'
  actionpack (4.1.4) lib/action_dispatch/middleware/callbacks.rb:27:in `call'
  actionpack (4.1.4) lib/action_dispatch/middleware/reloader.rb:73:in `call'
  actionpack (4.1.4) lib/action_dispatch/middleware/remote_ip.rb:76:in `call'
  actionpack (4.1.4) lib/action_dispatch/middleware/debug_exceptions.rb:17:in `call'
  actionpack (4.1.4) lib/action_dispatch/middleware/show_exceptions.rb:30:in `call'
  railties (4.1.4) lib/rails/rack/logger.rb:38:in `call_app'
  railties (4.1.4) lib/rails/rack/logger.rb:20:in `block in call'
  activesupport (4.1.4) lib/active_support/tagged_logging.rb:68:in `block in tagged'
  activesupport (4.1.4) lib/active_support/tagged_logging.rb:26:in `tagged'
  activesupport (4.1.4) lib/active_support/tagged_logging.rb:68:in `tagged'
  railties (4.1.4) lib/rails/rack/logger.rb:20:in `call'
  actionpack (4.1.4) lib/action_dispatch/middleware/request_id.rb:21:in `call'
  rack (1.5.2) lib/rack/methodoverride.rb:21:in `call'
  rack (1.5.2) lib/rack/runtime.rb:17:in `call'
  activesupport (4.1.4) lib/active_support/cache/strategy/local_cache_middleware.rb:26:in `call'
  rack (1.5.2) lib/rack/lock.rb:17:in `call'
  actionpack (4.1.4) lib/action_dispatch/middleware/static.rb:64:in `call'
  rack (1.5.2) lib/rack/sendfile.rb:112:in `call'
  railties (4.1.4) lib/rails/engine.rb:514:in `call'
  railties (4.1.4) lib/rails/application.rb:144:in `call'
  rack (1.5.2) lib/rack/lock.rb:17:in `call'
  rack (1.5.2) lib/rack/content_length.rb:14:in `call'
  rack (1.5.2) lib/rack/handler/webrick.rb:60:in `service'
  /System/Library/Frameworks/Ruby.framework/Versions/2.0/usr/lib/ruby/2.0.0/webrick/httpserver.rb:138:in `service'
  /System/Library/Frameworks/Ruby.framework/Versions/2.0/usr/lib/ruby/2.0.0/webrick/httpserver.rb:94:in `run'
  /System/Library/Frameworks/Ruby.framework/Versions/2.0/usr/lib/ruby/2.0.0/webrick/server.rb:295:in `block in start_thread'


  Rendered /Library/Ruby/Gems/2.0.0/gems/actionpack-4.1.4/lib/action_dispatch/middleware/templates/rescues/missing_template.html.erb within rescues/layout (0.4ms)


Started GET "/articles/new" for 127.0.0.1 at 2014-07-12 17:55:32 +0700
Processing by ArticlesController#new as HTML
  Rendered articles/new.html.erb within layouts/application (0.3ms)
Completed 200 OK in 178ms (Views: 177.6ms | ActiveRecord: 0.0ms)


Started GET "/assets/articles.css?body=1" for 127.0.0.1 at 2014-07-12 17:55:32 +0700


Started GET "/assets/welcome.css?body=1" for 127.0.0.1 at 2014-07-12 17:55:32 +0700


Started GET "/assets/articles.js?body=1" for 127.0.0.1 at 2014-07-12 17:55:32 +0700


Started GET "/assets/application.css?body=1" for 127.0.0.1 at 2014-07-12 17:55:32 +0700


Started GET "/assets/turbolinks.js?body=1" for 127.0.0.1 at 2014-07-12 17:55:32 +0700


Started GET "/assets/jquery.js?body=1" for 127.0.0.1 at 2014-07-12 17:55:32 +0700


Started GET "/assets/jquery_ujs.js?body=1" for 127.0.0.1 at 2014-07-12 17:55:32 +0700


Started GET "/assets/welcome.js?body=1" for 127.0.0.1 at 2014-07-12 17:55:32 +0700


Started GET "/assets/application.js?body=1" for 127.0.0.1 at 2014-07-12 17:55:32 +0700


Started GET "/articles/new" for 127.0.0.1 at 2014-07-12 17:57:33 +0700
Processing by ArticlesController#new as HTML
  Rendered articles/new.html.erb within layouts/application (6.8ms)
Completed 200 OK in 12ms (Views: 11.2ms | ActiveRecord: 0.0ms)


Started GET "/assets/welcome.css?body=1" for 127.0.0.1 at 2014-07-12 17:57:33 +0700


Started GET "/assets/articles.css?body=1" for 127.0.0.1 at 2014-07-12 17:57:33 +0700


Started GET "/assets/jquery_ujs.js?body=1" for 127.0.0.1 at 2014-07-12 17:57:33 +0700


Started GET "/assets/jquery.js?body=1" for 127.0.0.1 at 2014-07-12 17:57:33 +0700


Started GET "/assets/application.css?body=1" for 127.0.0.1 at 2014-07-12 17:57:33 +0700


Started GET "/assets/turbolinks.js?body=1" for 127.0.0.1 at 2014-07-12 17:57:33 +0700


Started GET "/assets/articles.js?body=1" for 127.0.0.1 at 2014-07-12 17:57:33 +0700


Started GET "/assets/welcome.js?body=1" for 127.0.0.1 at 2014-07-12 17:57:33 +0700


Started GET "/assets/application.js?body=1" for 127.0.0.1 at 2014-07-12 17:57:33 +0700


Started GET "/articles/new" for 127.0.0.1 at 2014-07-12 17:58:36 +0700
Processing by ArticlesController#new as HTML
  Rendered articles/new.html.erb within layouts/application (1.7ms)
Completed 200 OK in 7ms (Views: 6.4ms | ActiveRecord: 0.0ms)


Started GET "/assets/articles.css?body=1" for 127.0.0.1 at 2014-07-12 17:58:36 +0700


Started GET "/assets/welcome.css?body=1" for 127.0.0.1 at 2014-07-12 17:58:36 +0700


Started GET "/assets/jquery.js?body=1" for 127.0.0.1 at 2014-07-12 17:58:36 +0700


Started GET "/assets/application.css?body=1" for 127.0.0.1 at 2014-07-12 17:58:36 +0700


Started GET "/assets/turbolinks.js?body=1" for 127.0.0.1 at 2014-07-12 17:58:36 +0700


Started GET "/assets/articles.js?body=1" for 127.0.0.1 at 2014-07-12 17:58:36 +0700


Started GET "/assets/jquery_ujs.js?body=1" for 127.0.0.1 at 2014-07-12 17:58:36 +0700


Started GET "/assets/welcome.js?body=1" for 127.0.0.1 at 2014-07-12 17:58:36 +0700


Started GET "/assets/application.js?body=1" for 127.0.0.1 at 2014-07-12 17:58:36 +0700


Started POST "/articles" for 127.0.0.1 at 2014-07-12 17:59:32 +0700

AbstractController::ActionNotFound (The action 'create' could not be found for ArticlesController):
  actionpack (4.1.4) lib/abstract_controller/base.rb:131:in `process'
  actionview (4.1.4) lib/action_view/rendering.rb:30:in `process'
  actionpack (4.1.4) lib/action_controller/metal.rb:196:in `dispatch'
  actionpack (4.1.4) lib/action_controller/metal/rack_delegation.rb:13:in `dispatch'
  actionpack (4.1.4) lib/action_controller/metal.rb:232:in `block in action'
  actionpack (4.1.4) lib/action_dispatch/routing/route_set.rb:82:in `call'
  actionpack (4.1.4) lib/action_dispatch/routing/route_set.rb:82:in `dispatch'
  actionpack (4.1.4) lib/action_dispatch/routing/route_set.rb:50:in `call'
  actionpack (4.1.4) lib/action_dispatch/journey/router.rb:71:in `block in call'
  actionpack (4.1.4) lib/action_dispatch/journey/router.rb:59:in `each'
  actionpack (4.1.4) lib/action_dispatch/journey/router.rb:59:in `call'
  actionpack (4.1.4) lib/action_dispatch/routing/route_set.rb:678:in `call'
  rack (1.5.2) lib/rack/etag.rb:23:in `call'
  rack (1.5.2) lib/rack/conditionalget.rb:35:in `call'
  rack (1.5.2) lib/rack/head.rb:11:in `call'
  actionpack (4.1.4) lib/action_dispatch/middleware/params_parser.rb:27:in `call'
  actionpack (4.1.4) lib/action_dispatch/middleware/flash.rb:254:in `call'
  rack (1.5.2) lib/rack/session/abstract/id.rb:225:in `context'
  rack (1.5.2) lib/rack/session/abstract/id.rb:220:in `call'
  actionpack (4.1.4) lib/action_dispatch/middleware/cookies.rb:560:in `call'
  activerecord (4.1.4) lib/active_record/query_cache.rb:36:in `call'
  activerecord (4.1.4) lib/active_record/connection_adapters/abstract/connection_pool.rb:621:in `call'
  activerecord (4.1.4) lib/active_record/migration.rb:380:in `call'
  actionpack (4.1.4) lib/action_dispatch/middleware/callbacks.rb:29:in `block in call'
  activesupport (4.1.4) lib/active_support/callbacks.rb:82:in `run_callbacks'
  actionpack (4.1.4) lib/action_dispatch/middleware/callbacks.rb:27:in `call'
  actionpack (4.1.4) lib/action_dispatch/middleware/reloader.rb:73:in `call'
  actionpack (4.1.4) lib/action_dispatch/middleware/remote_ip.rb:76:in `call'
  actionpack (4.1.4) lib/action_dispatch/middleware/debug_exceptions.rb:17:in `call'
  actionpack (4.1.4) lib/action_dispatch/middleware/show_exceptions.rb:30:in `call'
  railties (4.1.4) lib/rails/rack/logger.rb:38:in `call_app'
  railties (4.1.4) lib/rails/rack/logger.rb:20:in `block in call'
  activesupport (4.1.4) lib/active_support/tagged_logging.rb:68:in `block in tagged'
  activesupport (4.1.4) lib/active_support/tagged_logging.rb:26:in `tagged'
  activesupport (4.1.4) lib/active_support/tagged_logging.rb:68:in `tagged'
  railties (4.1.4) lib/rails/rack/logger.rb:20:in `call'
  actionpack (4.1.4) lib/action_dispatch/middleware/request_id.rb:21:in `call'
  rack (1.5.2) lib/rack/methodoverride.rb:21:in `call'
  rack (1.5.2) lib/rack/runtime.rb:17:in `call'
  activesupport (4.1.4) lib/active_support/cache/strategy/local_cache_middleware.rb:26:in `call'
  rack (1.5.2) lib/rack/lock.rb:17:in `call'
  actionpack (4.1.4) lib/action_dispatch/middleware/static.rb:64:in `call'
  rack (1.5.2) lib/rack/sendfile.rb:112:in `call'
  railties (4.1.4) lib/rails/engine.rb:514:in `call'
  railties (4.1.4) lib/rails/application.rb:144:in `call'
  rack (1.5.2) lib/rack/lock.rb:17:in `call'
  rack (1.5.2) lib/rack/content_length.rb:14:in `call'
  rack (1.5.2) lib/rack/handler/webrick.rb:60:in `service'
  /System/Library/Frameworks/Ruby.framework/Versions/2.0/usr/lib/ruby/2.0.0/webrick/httpserver.rb:138:in `service'
  /System/Library/Frameworks/Ruby.framework/Versions/2.0/usr/lib/ruby/2.0.0/webrick/httpserver.rb:94:in `run'
  /System/Library/Frameworks/Ruby.framework/Versions/2.0/usr/lib/ruby/2.0.0/webrick/server.rb:295:in `block in start_thread'


  Rendered /Library/Ruby/Gems/2.0.0/gems/actionpack-4.1.4/lib/action_dispatch/middleware/templates/rescues/unknown_action.html.erb within rescues/layout (0.4ms)


Started POST "/articles" for 127.0.0.1 at 2014-07-12 18:00:18 +0700
Processing by ArticlesController#create as HTML
  Parameters: {"utf8"=>"✓", "authenticity_token"=>"X1a6/qusyPExkktVWoFu3G7lk/vd5kNH5PkbVAho8kU=", "article"=>{"title"=>"Hello", "text"=>"test\r\n"}, "commit"=>"Save Article"}
Completed 500 Internal Server Error in 2ms

ActionView::MissingTemplate (Missing template articles/create, application/create with {:locale=>[:en], :formats=>[:html], :variants=>[], :handlers=>[:erb, :builder, :raw, :ruby, :jbuilder, :coffee]}. Searched in:
  * "/Users/QuangRau/Dropbox/projects/ruby/blog/app/views"
):
  actionview (4.1.4) lib/action_view/path_set.rb:46:in `find'
  actionview (4.1.4) lib/action_view/lookup_context.rb:124:in `find'
  actionview (4.1.4) lib/action_view/renderer/abstract_renderer.rb:18:in `find_template'
  actionview (4.1.4) lib/action_view/renderer/template_renderer.rb:41:in `determine_template'
  actionview (4.1.4) lib/action_view/renderer/template_renderer.rb:8:in `render'
  actionview (4.1.4) lib/action_view/renderer/renderer.rb:42:in `render_template'
  actionview (4.1.4) lib/action_view/renderer/renderer.rb:23:in `render'
  actionview (4.1.4) lib/action_view/rendering.rb:99:in `_render_template'
  actionpack (4.1.4) lib/action_controller/metal/streaming.rb:217:in `_render_template'
  actionview (4.1.4) lib/action_view/rendering.rb:82:in `render_to_body'
  actionpack (4.1.4) lib/action_controller/metal/rendering.rb:32:in `render_to_body'
  actionpack (4.1.4) lib/action_controller/metal/renderers.rb:32:in `render_to_body'
  actionpack (4.1.4) lib/abstract_controller/rendering.rb:25:in `render'
  actionpack (4.1.4) lib/action_controller/metal/rendering.rb:16:in `render'
  actionpack (4.1.4) lib/action_controller/metal/instrumentation.rb:41:in `block (2 levels) in render'
  activesupport (4.1.4) lib/active_support/core_ext/benchmark.rb:12:in `block in ms'
  /System/Library/Frameworks/Ruby.framework/Versions/2.0/usr/lib/ruby/2.0.0/benchmark.rb:296:in `realtime'
  activesupport (4.1.4) lib/active_support/core_ext/benchmark.rb:12:in `ms'
  actionpack (4.1.4) lib/action_controller/metal/instrumentation.rb:41:in `block in render'
  actionpack (4.1.4) lib/action_controller/metal/instrumentation.rb:84:in `cleanup_view_runtime'
  activerecord (4.1.4) lib/active_record/railties/controller_runtime.rb:25:in `cleanup_view_runtime'
  actionpack (4.1.4) lib/action_controller/metal/instrumentation.rb:40:in `render'
  actionpack (4.1.4) lib/action_controller/metal/implicit_render.rb:10:in `default_render'
  actionpack (4.1.4) lib/action_controller/metal/implicit_render.rb:5:in `send_action'
  actionpack (4.1.4) lib/abstract_controller/base.rb:189:in `process_action'
  actionpack (4.1.4) lib/action_controller/metal/rendering.rb:10:in `process_action'
  actionpack (4.1.4) lib/abstract_controller/callbacks.rb:20:in `block in process_action'
  activesupport (4.1.4) lib/active_support/callbacks.rb:113:in `call'
  activesupport (4.1.4) lib/active_support/callbacks.rb:113:in `call'
  activesupport (4.1.4) lib/active_support/callbacks.rb:229:in `block in halting'
  activesupport (4.1.4) lib/active_support/callbacks.rb:229:in `call'
  activesupport (4.1.4) lib/active_support/callbacks.rb:229:in `block in halting'
  activesupport (4.1.4) lib/active_support/callbacks.rb:166:in `call'
  activesupport (4.1.4) lib/active_support/callbacks.rb:166:in `block in halting'
  activesupport (4.1.4) lib/active_support/callbacks.rb:166:in `call'
  activesupport (4.1.4) lib/active_support/callbacks.rb:166:in `block in halting'
  activesupport (4.1.4) lib/active_support/callbacks.rb:166:in `call'
  activesupport (4.1.4) lib/active_support/callbacks.rb:166:in `block in halting'
  activesupport (4.1.4) lib/active_support/callbacks.rb:86:in `call'
  activesupport (4.1.4) lib/active_support/callbacks.rb:86:in `run_callbacks'
  actionpack (4.1.4) lib/abstract_controller/callbacks.rb:19:in `process_action'
  actionpack (4.1.4) lib/action_controller/metal/rescue.rb:29:in `process_action'
  actionpack (4.1.4) lib/action_controller/metal/instrumentation.rb:31:in `block in process_action'
  activesupport (4.1.4) lib/active_support/notifications.rb:159:in `block in instrument'
  activesupport (4.1.4) lib/active_support/notifications/instrumenter.rb:20:in `instrument'
  activesupport (4.1.4) lib/active_support/notifications.rb:159:in `instrument'
  actionpack (4.1.4) lib/action_controller/metal/instrumentation.rb:30:in `process_action'
  actionpack (4.1.4) lib/action_controller/metal/params_wrapper.rb:250:in `process_action'
  activerecord (4.1.4) lib/active_record/railties/controller_runtime.rb:18:in `process_action'
  actionpack (4.1.4) lib/abstract_controller/base.rb:136:in `process'
  actionview (4.1.4) lib/action_view/rendering.rb:30:in `process'
  actionpack (4.1.4) lib/action_controller/metal.rb:196:in `dispatch'
  actionpack (4.1.4) lib/action_controller/metal/rack_delegation.rb:13:in `dispatch'
  actionpack (4.1.4) lib/action_controller/metal.rb:232:in `block in action'
  actionpack (4.1.4) lib/action_dispatch/routing/route_set.rb:82:in `call'
  actionpack (4.1.4) lib/action_dispatch/routing/route_set.rb:82:in `dispatch'
  actionpack (4.1.4) lib/action_dispatch/routing/route_set.rb:50:in `call'
  actionpack (4.1.4) lib/action_dispatch/journey/router.rb:71:in `block in call'
  actionpack (4.1.4) lib/action_dispatch/journey/router.rb:59:in `each'
  actionpack (4.1.4) lib/action_dispatch/journey/router.rb:59:in `call'
  actionpack (4.1.4) lib/action_dispatch/routing/route_set.rb:678:in `call'
  rack (1.5.2) lib/rack/etag.rb:23:in `call'
  rack (1.5.2) lib/rack/conditionalget.rb:35:in `call'
  rack (1.5.2) lib/rack/head.rb:11:in `call'
  actionpack (4.1.4) lib/action_dispatch/middleware/params_parser.rb:27:in `call'
  actionpack (4.1.4) lib/action_dispatch/middleware/flash.rb:254:in `call'
  rack (1.5.2) lib/rack/session/abstract/id.rb:225:in `context'
  rack (1.5.2) lib/rack/session/abstract/id.rb:220:in `call'
  actionpack (4.1.4) lib/action_dispatch/middleware/cookies.rb:560:in `call'
  activerecord (4.1.4) lib/active_record/query_cache.rb:36:in `call'
  activerecord (4.1.4) lib/active_record/connection_adapters/abstract/connection_pool.rb:621:in `call'
  activerecord (4.1.4) lib/active_record/migration.rb:380:in `call'
  actionpack (4.1.4) lib/action_dispatch/middleware/callbacks.rb:29:in `block in call'
  activesupport (4.1.4) lib/active_support/callbacks.rb:82:in `run_callbacks'
  actionpack (4.1.4) lib/action_dispatch/middleware/callbacks.rb:27:in `call'
  actionpack (4.1.4) lib/action_dispatch/middleware/reloader.rb:73:in `call'
  actionpack (4.1.4) lib/action_dispatch/middleware/remote_ip.rb:76:in `call'
  actionpack (4.1.4) lib/action_dispatch/middleware/debug_exceptions.rb:17:in `call'
  actionpack (4.1.4) lib/action_dispatch/middleware/show_exceptions.rb:30:in `call'
  railties (4.1.4) lib/rails/rack/logger.rb:38:in `call_app'
  railties (4.1.4) lib/rails/rack/logger.rb:20:in `block in call'
  activesupport (4.1.4) lib/active_support/tagged_logging.rb:68:in `block in tagged'
  activesupport (4.1.4) lib/active_support/tagged_logging.rb:26:in `tagged'
  activesupport (4.1.4) lib/active_support/tagged_logging.rb:68:in `tagged'
  railties (4.1.4) lib/rails/rack/logger.rb:20:in `call'
  actionpack (4.1.4) lib/action_dispatch/middleware/request_id.rb:21:in `call'
  rack (1.5.2) lib/rack/methodoverride.rb:21:in `call'
  rack (1.5.2) lib/rack/runtime.rb:17:in `call'
  activesupport (4.1.4) lib/active_support/cache/strategy/local_cache_middleware.rb:26:in `call'
  rack (1.5.2) lib/rack/lock.rb:17:in `call'
  actionpack (4.1.4) lib/action_dispatch/middleware/static.rb:64:in `call'
  rack (1.5.2) lib/rack/sendfile.rb:112:in `call'
  railties (4.1.4) lib/rails/engine.rb:514:in `call'
  railties (4.1.4) lib/rails/application.rb:144:in `call'
  rack (1.5.2) lib/rack/lock.rb:17:in `call'
  rack (1.5.2) lib/rack/content_length.rb:14:in `call'
  rack (1.5.2) lib/rack/handler/webrick.rb:60:in `service'
  /System/Library/Frameworks/Ruby.framework/Versions/2.0/usr/lib/ruby/2.0.0/webrick/httpserver.rb:138:in `service'
  /System/Library/Frameworks/Ruby.framework/Versions/2.0/usr/lib/ruby/2.0.0/webrick/httpserver.rb:94:in `run'
  /System/Library/Frameworks/Ruby.framework/Versions/2.0/usr/lib/ruby/2.0.0/webrick/server.rb:295:in `block in start_thread'


  Rendered /Library/Ruby/Gems/2.0.0/gems/actionpack-4.1.4/lib/action_dispatch/middleware/templates/rescues/missing_template.html.erb within rescues/layout (0.4ms)


Started POST "/articles" for 127.0.0.1 at 2014-07-12 18:02:31 +0700
Processing by ArticlesController#create as HTML
  Parameters: {"utf8"=>"✓", "authenticity_token"=>"X1a6/qusyPExkktVWoFu3G7lk/vd5kNH5PkbVAho8kU=", "article"=>{"title"=>"Hello", "text"=>"test\r\n"}, "commit"=>"Save Article"}
  Rendered text template (0.0ms)
Completed 200 OK in 2ms (Views: 1.2ms | ActiveRecord: 0.0ms)


Started GET "/articles" for 127.0.0.1 at 2014-07-12 18:02:38 +0700

AbstractController::ActionNotFound (The action 'index' could not be found for ArticlesController):
  actionpack (4.1.4) lib/abstract_controller/base.rb:131:in `process'
  actionview (4.1.4) lib/action_view/rendering.rb:30:in `process'
  actionpack (4.1.4) lib/action_controller/metal.rb:196:in `dispatch'
  actionpack (4.1.4) lib/action_controller/metal/rack_delegation.rb:13:in `dispatch'
  actionpack (4.1.4) lib/action_controller/metal.rb:232:in `block in action'
  actionpack (4.1.4) lib/action_dispatch/routing/route_set.rb:82:in `call'
  actionpack (4.1.4) lib/action_dispatch/routing/route_set.rb:82:in `dispatch'
  actionpack (4.1.4) lib/action_dispatch/routing/route_set.rb:50:in `call'
  actionpack (4.1.4) lib/action_dispatch/journey/router.rb:71:in `block in call'
  actionpack (4.1.4) lib/action_dispatch/journey/router.rb:59:in `each'
  actionpack (4.1.4) lib/action_dispatch/journey/router.rb:59:in `call'
  actionpack (4.1.4) lib/action_dispatch/routing/route_set.rb:678:in `call'
  rack (1.5.2) lib/rack/etag.rb:23:in `call'
  rack (1.5.2) lib/rack/conditionalget.rb:25:in `call'
  rack (1.5.2) lib/rack/head.rb:11:in `call'
  actionpack (4.1.4) lib/action_dispatch/middleware/params_parser.rb:27:in `call'
  actionpack (4.1.4) lib/action_dispatch/middleware/flash.rb:254:in `call'
  rack (1.5.2) lib/rack/session/abstract/id.rb:225:in `context'
  rack (1.5.2) lib/rack/session/abstract/id.rb:220:in `call'
  actionpack (4.1.4) lib/action_dispatch/middleware/cookies.rb:560:in `call'
  activerecord (4.1.4) lib/active_record/query_cache.rb:36:in `call'
  activerecord (4.1.4) lib/active_record/connection_adapters/abstract/connection_pool.rb:621:in `call'
  activerecord (4.1.4) lib/active_record/migration.rb:380:in `call'
  actionpack (4.1.4) lib/action_dispatch/middleware/callbacks.rb:29:in `block in call'
  activesupport (4.1.4) lib/active_support/callbacks.rb:82:in `run_callbacks'
  actionpack (4.1.4) lib/action_dispatch/middleware/callbacks.rb:27:in `call'
  actionpack (4.1.4) lib/action_dispatch/middleware/reloader.rb:73:in `call'
  actionpack (4.1.4) lib/action_dispatch/middleware/remote_ip.rb:76:in `call'
  actionpack (4.1.4) lib/action_dispatch/middleware/debug_exceptions.rb:17:in `call'
  actionpack (4.1.4) lib/action_dispatch/middleware/show_exceptions.rb:30:in `call'
  railties (4.1.4) lib/rails/rack/logger.rb:38:in `call_app'
  railties (4.1.4) lib/rails/rack/logger.rb:20:in `block in call'
  activesupport (4.1.4) lib/active_support/tagged_logging.rb:68:in `block in tagged'
  activesupport (4.1.4) lib/active_support/tagged_logging.rb:26:in `tagged'
  activesupport (4.1.4) lib/active_support/tagged_logging.rb:68:in `tagged'
  railties (4.1.4) lib/rails/rack/logger.rb:20:in `call'
  actionpack (4.1.4) lib/action_dispatch/middleware/request_id.rb:21:in `call'
  rack (1.5.2) lib/rack/methodoverride.rb:21:in `call'
  rack (1.5.2) lib/rack/runtime.rb:17:in `call'
  activesupport (4.1.4) lib/active_support/cache/strategy/local_cache_middleware.rb:26:in `call'
  rack (1.5.2) lib/rack/lock.rb:17:in `call'
  actionpack (4.1.4) lib/action_dispatch/middleware/static.rb:64:in `call'
  rack (1.5.2) lib/rack/sendfile.rb:112:in `call'
  railties (4.1.4) lib/rails/engine.rb:514:in `call'
  railties (4.1.4) lib/rails/application.rb:144:in `call'
  rack (1.5.2) lib/rack/lock.rb:17:in `call'
  rack (1.5.2) lib/rack/content_length.rb:14:in `call'
  rack (1.5.2) lib/rack/handler/webrick.rb:60:in `service'
  /System/Library/Frameworks/Ruby.framework/Versions/2.0/usr/lib/ruby/2.0.0/webrick/httpserver.rb:138:in `service'
  /System/Library/Frameworks/Ruby.framework/Versions/2.0/usr/lib/ruby/2.0.0/webrick/httpserver.rb:94:in `run'
  /System/Library/Frameworks/Ruby.framework/Versions/2.0/usr/lib/ruby/2.0.0/webrick/server.rb:295:in `block in start_thread'


  Rendered /Library/Ruby/Gems/2.0.0/gems/actionpack-4.1.4/lib/action_dispatch/middleware/templates/rescues/unknown_action.html.erb within rescues/layout (0.4ms)


Started GET "/articles/new" for 127.0.0.1 at 2014-07-12 18:02:43 +0700
Processing by ArticlesController#new as HTML
  Rendered articles/new.html.erb within layouts/application (1.1ms)
Completed 200 OK in 6ms (Views: 5.0ms | ActiveRecord: 0.0ms)


Started GET "/assets/articles.css?body=1" for 127.0.0.1 at 2014-07-12 18:02:43 +0700


Started GET "/assets/welcome.css?body=1" for 127.0.0.1 at 2014-07-12 18:02:43 +0700


Started GET "/assets/application.css?body=1" for 127.0.0.1 at 2014-07-12 18:02:43 +0700


Started GET "/assets/jquery.js?body=1" for 127.0.0.1 at 2014-07-12 18:02:43 +0700


Started GET "/assets/articles.js?body=1" for 127.0.0.1 at 2014-07-12 18:02:43 +0700


Started GET "/assets/jquery_ujs.js?body=1" for 127.0.0.1 at 2014-07-12 18:02:43 +0700


Started GET "/assets/turbolinks.js?body=1" for 127.0.0.1 at 2014-07-12 18:02:43 +0700


Started GET "/assets/application.js?body=1" for 127.0.0.1 at 2014-07-12 18:02:43 +0700


Started GET "/assets/welcome.js?body=1" for 127.0.0.1 at 2014-07-12 18:02:43 +0700


Started POST "/articles" for 127.0.0.1 at 2014-07-12 18:02:57 +0700
Processing by ArticlesController#create as HTML
  Parameters: {"utf8"=>"✓", "authenticity_token"=>"X1a6/qusyPExkktVWoFu3G7lk/vd5kNH5PkbVAho8kU=", "article"=>{"title"=>"This is atitle ", "text"=>"this is a text"}, "commit"=>"Save Article"}
  Rendered text template (0.0ms)
Completed 200 OK in 1ms (Views: 0.2ms | ActiveRecord: 0.0ms)


Started POST "/articles" for 127.0.0.1 at 2014-07-12 18:03:24 +0700
Processing by ArticlesController#create as HTML
  Parameters: {"utf8"=>"✓", "authenticity_token"=>"X1a6/qusyPExkktVWoFu3G7lk/vd5kNH5PkbVAho8kU=", "article"=>{"title"=>"This is atitle ", "text"=>"this is a text"}, "commit"=>"Save Article"}
  Rendered text template (0.0ms)
Completed 200 OK in 1ms (Views: 0.5ms | ActiveRecord: 0.0ms)
  [1m[36m (6.1ms)[0m  [1mCREATE TABLE "schema_migrations" ("version" varchar(255) NOT NULL) [0m
  [1m[35m (38.6ms)[0m  select sqlite_version(*)
  [1m[36m (1.6ms)[0m  [1mCREATE UNIQUE INDEX "unique_schema_migrations" ON "schema_migrations" ("version")[0m
  [1m[35mActiveRecord::SchemaMigration Load (0.1ms)[0m  SELECT "schema_migrations".* FROM "schema_migrations"
Migrating to CreateArticles (20140712110544)
  [1m[36m (0.1ms)[0m  [1mbegin transaction[0m
  [1m[35m (0.4ms)[0m  CREATE TABLE "articles" ("id" INTEGER PRIMARY KEY AUTOINCREMENT NOT NULL, "title" varchar(255), "text" text, "created_at" datetime, "updated_at" datetime) 
  [1m[36mSQL (0.2ms)[0m  [1mINSERT INTO "schema_migrations" ("version") VALUES (?)[0m  [["version", "20140712110544"]]
  [1m[35m (1.5ms)[0m  commit transaction
  [1m[36mActiveRecord::SchemaMigration Load (0.1ms)[0m  [1mSELECT "schema_migrations".* FROM "schema_migrations"[0m


Started GET "/articles/new" for 127.0.0.1 at 2014-07-12 18:13:29 +0700
  [1m[36mActiveRecord::SchemaMigration Load (0.1ms)[0m  [1mSELECT "schema_migrations".* FROM "schema_migrations"[0m
Processing by ArticlesController#new as HTML
  Rendered articles/new.html.erb within layouts/application (1.1ms)
Completed 200 OK in 6ms (Views: 5.1ms | ActiveRecord: 0.0ms)


Started GET "/assets/articles.css?body=1" for 127.0.0.1 at 2014-07-12 18:13:29 +0700


Started GET "/assets/application.css?body=1" for 127.0.0.1 at 2014-07-12 18:13:29 +0700


Started GET "/assets/jquery.js?body=1" for 127.0.0.1 at 2014-07-12 18:13:29 +0700


Started GET "/assets/turbolinks.js?body=1" for 127.0.0.1 at 2014-07-12 18:13:29 +0700


Started GET "/assets/welcome.css?body=1" for 127.0.0.1 at 2014-07-12 18:13:29 +0700


Started GET "/assets/jquery_ujs.js?body=1" for 127.0.0.1 at 2014-07-12 18:13:29 +0700


Started GET "/assets/articles.js?body=1" for 127.0.0.1 at 2014-07-12 18:13:29 +0700


Started GET "/assets/welcome.js?body=1" for 127.0.0.1 at 2014-07-12 18:13:29 +0700


Started GET "/assets/application.js?body=1" for 127.0.0.1 at 2014-07-12 18:13:29 +0700


Started POST "/articles" for 127.0.0.1 at 2014-07-12 18:13:59 +0700
Processing by ArticlesController#create as HTML
  Parameters: {"utf8"=>"✓", "authenticity_token"=>"X1a6/qusyPExkktVWoFu3G7lk/vd5kNH5PkbVAho8kU=", "article"=>{"title"=>"1", "text"=>"2"}, "commit"=>"Save Article"}
Completed 500 Internal Server Error in 5ms

ActiveModel::ForbiddenAttributesError (ActiveModel::ForbiddenAttributesError):
  app/controllers/articles_controller.rb:6:in `create'


  Rendered /Library/Ruby/Gems/2.0.0/gems/actionpack-4.1.4/lib/action_dispatch/middleware/templates/rescues/_source.erb (0.6ms)
  Rendered /Library/Ruby/Gems/2.0.0/gems/actionpack-4.1.4/lib/action_dispatch/middleware/templates/rescues/_trace.html.erb (1.9ms)
  Rendered /Library/Ruby/Gems/2.0.0/gems/actionpack-4.1.4/lib/action_dispatch/middleware/templates/rescues/_request_and_response.html.erb (1.2ms)
  Rendered /Library/Ruby/Gems/2.0.0/gems/actionpack-4.1.4/lib/action_dispatch/middleware/templates/rescues/diagnostics.erb within rescues/layout (19.2ms)


Started POST "/articles" for 127.0.0.1 at 2014-07-12 18:17:40 +0700

SyntaxError (/Users/QuangRau/Dropbox/projects/ruby/blog/app/controllers/articles_controller.rb:21: syntax error, unexpected keyword_end, expecting end-of-input):
  app/controllers/articles_controller.rb:21: syntax error, unexpected keyword_end, expecting end-of-input


  Rendered /Library/Ruby/Gems/2.0.0/gems/actionpack-4.1.4/lib/action_dispatch/middleware/templates/rescues/_source.erb (0.5ms)
  Rendered /Library/Ruby/Gems/2.0.0/gems/actionpack-4.1.4/lib/action_dispatch/middleware/templates/rescues/_trace.html.erb (1.0ms)
  Rendered /Library/Ruby/Gems/2.0.0/gems/actionpack-4.1.4/lib/action_dispatch/middleware/templates/rescues/_request_and_response.html.erb (1.3ms)
  Rendered /Library/Ruby/Gems/2.0.0/gems/actionpack-4.1.4/lib/action_dispatch/middleware/templates/rescues/diagnostics.erb within rescues/layout (13.0ms)


Started GET "/articles" for 127.0.0.1 at 2014-07-12 18:18:40 +0700

SyntaxError (/Users/QuangRau/Dropbox/projects/ruby/blog/app/controllers/articles_controller.rb:17: syntax error, unexpected keyword_end, expecting end-of-input):
  app/controllers/articles_controller.rb:17: syntax error, unexpected keyword_end, expecting end-of-input


  Rendered /Library/Ruby/Gems/2.0.0/gems/actionpack-4.1.4/lib/action_dispatch/middleware/templates/rescues/_source.erb (0.5ms)
  Rendered /Library/Ruby/Gems/2.0.0/gems/actionpack-4.1.4/lib/action_dispatch/middleware/templates/rescues/_trace.html.erb (0.9ms)
  Rendered /Library/Ruby/Gems/2.0.0/gems/actionpack-4.1.4/lib/action_dispatch/middleware/templates/rescues/_request_and_response.html.erb (1.0ms)
  Rendered /Library/Ruby/Gems/2.0.0/gems/actionpack-4.1.4/lib/action_dispatch/middleware/templates/rescues/diagnostics.erb within rescues/layout (12.6ms)


Started GET "/articles" for 127.0.0.1 at 2014-07-12 18:18:52 +0700

AbstractController::ActionNotFound (The action 'index' could not be found for ArticlesController):
  actionpack (4.1.4) lib/abstract_controller/base.rb:131:in `process'
  actionview (4.1.4) lib/action_view/rendering.rb:30:in `process'
  actionpack (4.1.4) lib/action_controller/metal.rb:196:in `dispatch'
  actionpack (4.1.4) lib/action_controller/metal/rack_delegation.rb:13:in `dispatch'
  actionpack (4.1.4) lib/action_controller/metal.rb:232:in `block in action'
  actionpack (4.1.4) lib/action_dispatch/routing/route_set.rb:82:in `call'
  actionpack (4.1.4) lib/action_dispatch/routing/route_set.rb:82:in `dispatch'
  actionpack (4.1.4) lib/action_dispatch/routing/route_set.rb:50:in `call'
  actionpack (4.1.4) lib/action_dispatch/journey/router.rb:71:in `block in call'
  actionpack (4.1.4) lib/action_dispatch/journey/router.rb:59:in `each'
  actionpack (4.1.4) lib/action_dispatch/journey/router.rb:59:in `call'
  actionpack (4.1.4) lib/action_dispatch/routing/route_set.rb:678:in `call'
  rack (1.5.2) lib/rack/etag.rb:23:in `call'
  rack (1.5.2) lib/rack/conditionalget.rb:25:in `call'
  rack (1.5.2) lib/rack/head.rb:11:in `call'
  actionpack (4.1.4) lib/action_dispatch/middleware/params_parser.rb:27:in `call'
  actionpack (4.1.4) lib/action_dispatch/middleware/flash.rb:254:in `call'
  rack (1.5.2) lib/rack/session/abstract/id.rb:225:in `context'
  rack (1.5.2) lib/rack/session/abstract/id.rb:220:in `call'
  actionpack (4.1.4) lib/action_dispatch/middleware/cookies.rb:560:in `call'
  activerecord (4.1.4) lib/active_record/query_cache.rb:36:in `call'
  activerecord (4.1.4) lib/active_record/connection_adapters/abstract/connection_pool.rb:621:in `call'
  activerecord (4.1.4) lib/active_record/migration.rb:380:in `call'
  actionpack (4.1.4) lib/action_dispatch/middleware/callbacks.rb:29:in `block in call'
  activesupport (4.1.4) lib/active_support/callbacks.rb:82:in `run_callbacks'
  actionpack (4.1.4) lib/action_dispatch/middleware/callbacks.rb:27:in `call'
  actionpack (4.1.4) lib/action_dispatch/middleware/reloader.rb:73:in `call'
  actionpack (4.1.4) lib/action_dispatch/middleware/remote_ip.rb:76:in `call'
  actionpack (4.1.4) lib/action_dispatch/middleware/debug_exceptions.rb:17:in `call'
  actionpack (4.1.4) lib/action_dispatch/middleware/show_exceptions.rb:30:in `call'
  railties (4.1.4) lib/rails/rack/logger.rb:38:in `call_app'
  railties (4.1.4) lib/rails/rack/logger.rb:20:in `block in call'
  activesupport (4.1.4) lib/active_support/tagged_logging.rb:68:in `block in tagged'
  activesupport (4.1.4) lib/active_support/tagged_logging.rb:26:in `tagged'
  activesupport (4.1.4) lib/active_support/tagged_logging.rb:68:in `tagged'
  railties (4.1.4) lib/rails/rack/logger.rb:20:in `call'
  actionpack (4.1.4) lib/action_dispatch/middleware/request_id.rb:21:in `call'
  rack (1.5.2) lib/rack/methodoverride.rb:21:in `call'
  rack (1.5.2) lib/rack/runtime.rb:17:in `call'
  activesupport (4.1.4) lib/active_support/cache/strategy/local_cache_middleware.rb:26:in `call'
  rack (1.5.2) lib/rack/lock.rb:17:in `call'
  actionpack (4.1.4) lib/action_dispatch/middleware/static.rb:64:in `call'
  rack (1.5.2) lib/rack/sendfile.rb:112:in `call'
  railties (4.1.4) lib/rails/engine.rb:514:in `call'
  railties (4.1.4) lib/rails/application.rb:144:in `call'
  rack (1.5.2) lib/rack/lock.rb:17:in `call'
  rack (1.5.2) lib/rack/content_length.rb:14:in `call'
  rack (1.5.2) lib/rack/handler/webrick.rb:60:in `service'
  /System/Library/Frameworks/Ruby.framework/Versions/2.0/usr/lib/ruby/2.0.0/webrick/httpserver.rb:138:in `service'
  /System/Library/Frameworks/Ruby.framework/Versions/2.0/usr/lib/ruby/2.0.0/webrick/httpserver.rb:94:in `run'
  /System/Library/Frameworks/Ruby.framework/Versions/2.0/usr/lib/ruby/2.0.0/webrick/server.rb:295:in `block in start_thread'


  Rendered /Library/Ruby/Gems/2.0.0/gems/actionpack-4.1.4/lib/action_dispatch/middleware/templates/rescues/unknown_action.html.erb within rescues/layout (0.4ms)


Started GET "/articles/new" for 127.0.0.1 at 2014-07-12 18:19:00 +0700
Processing by ArticlesController#new as HTML
  Rendered articles/new.html.erb within layouts/application (1.3ms)
Completed 200 OK in 7ms (Views: 6.0ms | ActiveRecord: 0.0ms)


Started GET "/assets/articles.css?body=1" for 127.0.0.1 at 2014-07-12 18:19:00 +0700


Started GET "/assets/application.css?body=1" for 127.0.0.1 at 2014-07-12 18:19:00 +0700


Started GET "/assets/welcome.css?body=1" for 127.0.0.1 at 2014-07-12 18:19:00 +0700


Started GET "/assets/articles.js?body=1" for 127.0.0.1 at 2014-07-12 18:19:00 +0700


Started GET "/assets/jquery_ujs.js?body=1" for 127.0.0.1 at 2014-07-12 18:19:00 +0700


Started GET "/assets/jquery.js?body=1" for 127.0.0.1 at 2014-07-12 18:19:00 +0700


Started GET "/assets/turbolinks.js?body=1" for 127.0.0.1 at 2014-07-12 18:19:00 +0700


Started GET "/assets/welcome.js?body=1" for 127.0.0.1 at 2014-07-12 18:19:00 +0700


Started GET "/assets/application.js?body=1" for 127.0.0.1 at 2014-07-12 18:19:00 +0700


Started POST "/articles" for 127.0.0.1 at 2014-07-12 18:20:21 +0700
Processing by ArticlesController#create as HTML
  Parameters: {"utf8"=>"✓", "authenticity_token"=>"X1a6/qusyPExkktVWoFu3G7lk/vd5kNH5PkbVAho8kU=", "article"=>{"title"=>"Hello world!", "text"=>"Say Hi to Ruby on Rails"}, "commit"=>"Save Article"}
Completed 500 Internal Server Error in 2ms

ActiveModel::ForbiddenAttributesError (ActiveModel::ForbiddenAttributesError):
  app/controllers/articles_controller.rb:6:in `create'


  Rendered /Library/Ruby/Gems/2.0.0/gems/actionpack-4.1.4/lib/action_dispatch/middleware/templates/rescues/_source.erb (0.5ms)
  Rendered /Library/Ruby/Gems/2.0.0/gems/actionpack-4.1.4/lib/action_dispatch/middleware/templates/rescues/_trace.html.erb (1.0ms)
  Rendered /Library/Ruby/Gems/2.0.0/gems/actionpack-4.1.4/lib/action_dispatch/middleware/templates/rescues/_request_and_response.html.erb (0.9ms)
  Rendered /Library/Ruby/Gems/2.0.0/gems/actionpack-4.1.4/lib/action_dispatch/middleware/templates/rescues/diagnostics.erb within rescues/layout (12.9ms)


Started POST "/articles" for 127.0.0.1 at 2014-07-12 18:21:45 +0700
Processing by ArticlesController#create as HTML
  Parameters: {"utf8"=>"✓", "authenticity_token"=>"X1a6/qusyPExkktVWoFu3G7lk/vd5kNH5PkbVAho8kU=", "article"=>{"title"=>"Hello world!", "text"=>"Say Hi to Ruby on Rails"}, "commit"=>"Save Article"}
  [1m[35m (0.1ms)[0m  begin transaction
  [1m[36mSQL (0.3ms)[0m  [1mINSERT INTO "articles" ("created_at", "text", "title", "updated_at") VALUES (?, ?, ?, ?)[0m  [["created_at", "2014-07-12 11:21:45.609882"], ["text", "Say Hi to Ruby on Rails"], ["title", "Hello world!"], ["updated_at", "2014-07-12 11:21:45.609882"]]
  [1m[35m (6.1ms)[0m  commit transaction
Redirected to http://localhost:3000/articles/1
Completed 302 Found in 18ms (ActiveRecord: 6.8ms)


Started GET "/articles/1" for 127.0.0.1 at 2014-07-12 18:21:45 +0700

AbstractController::ActionNotFound (The action 'show' could not be found for ArticlesController):
  actionpack (4.1.4) lib/abstract_controller/base.rb:131:in `process'
  actionview (4.1.4) lib/action_view/rendering.rb:30:in `process'
  actionpack (4.1.4) lib/action_controller/metal.rb:196:in `dispatch'
  actionpack (4.1.4) lib/action_controller/metal/rack_delegation.rb:13:in `dispatch'
  actionpack (4.1.4) lib/action_controller/metal.rb:232:in `block in action'
  actionpack (4.1.4) lib/action_dispatch/routing/route_set.rb:82:in `call'
  actionpack (4.1.4) lib/action_dispatch/routing/route_set.rb:82:in `dispatch'
  actionpack (4.1.4) lib/action_dispatch/routing/route_set.rb:50:in `call'
  actionpack (4.1.4) lib/action_dispatch/journey/router.rb:71:in `block in call'
  actionpack (4.1.4) lib/action_dispatch/journey/router.rb:59:in `each'
  actionpack (4.1.4) lib/action_dispatch/journey/router.rb:59:in `call'
  actionpack (4.1.4) lib/action_dispatch/routing/route_set.rb:678:in `call'
  rack (1.5.2) lib/rack/etag.rb:23:in `call'
  rack (1.5.2) lib/rack/conditionalget.rb:25:in `call'
  rack (1.5.2) lib/rack/head.rb:11:in `call'
  actionpack (4.1.4) lib/action_dispatch/middleware/params_parser.rb:27:in `call'
  actionpack (4.1.4) lib/action_dispatch/middleware/flash.rb:254:in `call'
  rack (1.5.2) lib/rack/session/abstract/id.rb:225:in `context'
  rack (1.5.2) lib/rack/session/abstract/id.rb:220:in `call'
  actionpack (4.1.4) lib/action_dispatch/middleware/cookies.rb:560:in `call'
  activerecord (4.1.4) lib/active_record/query_cache.rb:36:in `call'
  activerecord (4.1.4) lib/active_record/connection_adapters/abstract/connection_pool.rb:621:in `call'
  activerecord (4.1.4) lib/active_record/migration.rb:380:in `call'
  actionpack (4.1.4) lib/action_dispatch/middleware/callbacks.rb:29:in `block in call'
  activesupport (4.1.4) lib/active_support/callbacks.rb:82:in `run_callbacks'
  actionpack (4.1.4) lib/action_dispatch/middleware/callbacks.rb:27:in `call'
  actionpack (4.1.4) lib/action_dispatch/middleware/reloader.rb:73:in `call'
  actionpack (4.1.4) lib/action_dispatch/middleware/remote_ip.rb:76:in `call'
  actionpack (4.1.4) lib/action_dispatch/middleware/debug_exceptions.rb:17:in `call'
  actionpack (4.1.4) lib/action_dispatch/middleware/show_exceptions.rb:30:in `call'
  railties (4.1.4) lib/rails/rack/logger.rb:38:in `call_app'
  railties (4.1.4) lib/rails/rack/logger.rb:20:in `block in call'
  activesupport (4.1.4) lib/active_support/tagged_logging.rb:68:in `block in tagged'
  activesupport (4.1.4) lib/active_support/tagged_logging.rb:26:in `tagged'
  activesupport (4.1.4) lib/active_support/tagged_logging.rb:68:in `tagged'
  railties (4.1.4) lib/rails/rack/logger.rb:20:in `call'
  actionpack (4.1.4) lib/action_dispatch/middleware/request_id.rb:21:in `call'
  rack (1.5.2) lib/rack/methodoverride.rb:21:in `call'
  rack (1.5.2) lib/rack/runtime.rb:17:in `call'
  activesupport (4.1.4) lib/active_support/cache/strategy/local_cache_middleware.rb:26:in `call'
  rack (1.5.2) lib/rack/lock.rb:17:in `call'
  actionpack (4.1.4) lib/action_dispatch/middleware/static.rb:64:in `call'
  rack (1.5.2) lib/rack/sendfile.rb:112:in `call'
  railties (4.1.4) lib/rails/engine.rb:514:in `call'
  railties (4.1.4) lib/rails/application.rb:144:in `call'
  rack (1.5.2) lib/rack/lock.rb:17:in `call'
  rack (1.5.2) lib/rack/content_length.rb:14:in `call'
  rack (1.5.2) lib/rack/handler/webrick.rb:60:in `service'
  /System/Library/Frameworks/Ruby.framework/Versions/2.0/usr/lib/ruby/2.0.0/webrick/httpserver.rb:138:in `service'
  /System/Library/Frameworks/Ruby.framework/Versions/2.0/usr/lib/ruby/2.0.0/webrick/httpserver.rb:94:in `run'
  /System/Library/Frameworks/Ruby.framework/Versions/2.0/usr/lib/ruby/2.0.0/webrick/server.rb:295:in `block in start_thread'


  Rendered /Library/Ruby/Gems/2.0.0/gems/actionpack-4.1.4/lib/action_dispatch/middleware/templates/rescues/unknown_action.html.erb within rescues/layout (0.4ms)


Started GET "/articles/1" for 127.0.0.1 at 2014-07-12 18:22:31 +0700

AbstractController::ActionNotFound (The action 'show' could not be found for ArticlesController):
  actionpack (4.1.4) lib/abstract_controller/base.rb:131:in `process'
  actionview (4.1.4) lib/action_view/rendering.rb:30:in `process'
  actionpack (4.1.4) lib/action_controller/metal.rb:196:in `dispatch'
  actionpack (4.1.4) lib/action_controller/metal/rack_delegation.rb:13:in `dispatch'
  actionpack (4.1.4) lib/action_controller/metal.rb:232:in `block in action'
  actionpack (4.1.4) lib/action_dispatch/routing/route_set.rb:82:in `call'
  actionpack (4.1.4) lib/action_dispatch/routing/route_set.rb:82:in `dispatch'
  actionpack (4.1.4) lib/action_dispatch/routing/route_set.rb:50:in `call'
  actionpack (4.1.4) lib/action_dispatch/journey/router.rb:71:in `block in call'
  actionpack (4.1.4) lib/action_dispatch/journey/router.rb:59:in `each'
  actionpack (4.1.4) lib/action_dispatch/journey/router.rb:59:in `call'
  actionpack (4.1.4) lib/action_dispatch/routing/route_set.rb:678:in `call'
  rack (1.5.2) lib/rack/etag.rb:23:in `call'
  rack (1.5.2) lib/rack/conditionalget.rb:25:in `call'
  rack (1.5.2) lib/rack/head.rb:11:in `call'
  actionpack (4.1.4) lib/action_dispatch/middleware/params_parser.rb:27:in `call'
  actionpack (4.1.4) lib/action_dispatch/middleware/flash.rb:254:in `call'
  rack (1.5.2) lib/rack/session/abstract/id.rb:225:in `context'
  rack (1.5.2) lib/rack/session/abstract/id.rb:220:in `call'
  actionpack (4.1.4) lib/action_dispatch/middleware/cookies.rb:560:in `call'
  activerecord (4.1.4) lib/active_record/query_cache.rb:36:in `call'
  activerecord (4.1.4) lib/active_record/connection_adapters/abstract/connection_pool.rb:621:in `call'
  activerecord (4.1.4) lib/active_record/migration.rb:380:in `call'
  actionpack (4.1.4) lib/action_dispatch/middleware/callbacks.rb:29:in `block in call'
  activesupport (4.1.4) lib/active_support/callbacks.rb:82:in `run_callbacks'
  actionpack (4.1.4) lib/action_dispatch/middleware/callbacks.rb:27:in `call'
  actionpack (4.1.4) lib/action_dispatch/middleware/reloader.rb:73:in `call'
  actionpack (4.1.4) lib/action_dispatch/middleware/remote_ip.rb:76:in `call'
  actionpack (4.1.4) lib/action_dispatch/middleware/debug_exceptions.rb:17:in `call'
  actionpack (4.1.4) lib/action_dispatch/middleware/show_exceptions.rb:30:in `call'
  railties (4.1.4) lib/rails/rack/logger.rb:38:in `call_app'
  railties (4.1.4) lib/rails/rack/logger.rb:20:in `block in call'
  activesupport (4.1.4) lib/active_support/tagged_logging.rb:68:in `block in tagged'
  activesupport (4.1.4) lib/active_support/tagged_logging.rb:26:in `tagged'
  activesupport (4.1.4) lib/active_support/tagged_logging.rb:68:in `tagged'
  railties (4.1.4) lib/rails/rack/logger.rb:20:in `call'
  actionpack (4.1.4) lib/action_dispatch/middleware/request_id.rb:21:in `call'
  rack (1.5.2) lib/rack/methodoverride.rb:21:in `call'
  rack (1.5.2) lib/rack/runtime.rb:17:in `call'
  activesupport (4.1.4) lib/active_support/cache/strategy/local_cache_middleware.rb:26:in `call'
  rack (1.5.2) lib/rack/lock.rb:17:in `call'
  actionpack (4.1.4) lib/action_dispatch/middleware/static.rb:64:in `call'
  rack (1.5.2) lib/rack/sendfile.rb:112:in `call'
  railties (4.1.4) lib/rails/engine.rb:514:in `call'
  railties (4.1.4) lib/rails/application.rb:144:in `call'
  rack (1.5.2) lib/rack/lock.rb:17:in `call'
  rack (1.5.2) lib/rack/content_length.rb:14:in `call'
  rack (1.5.2) lib/rack/handler/webrick.rb:60:in `service'
  /System/Library/Frameworks/Ruby.framework/Versions/2.0/usr/lib/ruby/2.0.0/webrick/httpserver.rb:138:in `service'
  /System/Library/Frameworks/Ruby.framework/Versions/2.0/usr/lib/ruby/2.0.0/webrick/httpserver.rb:94:in `run'
  /System/Library/Frameworks/Ruby.framework/Versions/2.0/usr/lib/ruby/2.0.0/webrick/server.rb:295:in `block in start_thread'


  Rendered /Library/Ruby/Gems/2.0.0/gems/actionpack-4.1.4/lib/action_dispatch/middleware/templates/rescues/unknown_action.html.erb within rescues/layout (0.4ms)


Started GET "/articles/1" for 127.0.0.1 at 2014-07-12 18:22:55 +0700

AbstractController::ActionNotFound (The action 'show' could not be found for ArticlesController):
  actionpack (4.1.4) lib/abstract_controller/base.rb:131:in `process'
  actionview (4.1.4) lib/action_view/rendering.rb:30:in `process'
  actionpack (4.1.4) lib/action_controller/metal.rb:196:in `dispatch'
  actionpack (4.1.4) lib/action_controller/metal/rack_delegation.rb:13:in `dispatch'
  actionpack (4.1.4) lib/action_controller/metal.rb:232:in `block in action'
  actionpack (4.1.4) lib/action_dispatch/routing/route_set.rb:82:in `call'
  actionpack (4.1.4) lib/action_dispatch/routing/route_set.rb:82:in `dispatch'
  actionpack (4.1.4) lib/action_dispatch/routing/route_set.rb:50:in `call'
  actionpack (4.1.4) lib/action_dispatch/journey/router.rb:71:in `block in call'
  actionpack (4.1.4) lib/action_dispatch/journey/router.rb:59:in `each'
  actionpack (4.1.4) lib/action_dispatch/journey/router.rb:59:in `call'
  actionpack (4.1.4) lib/action_dispatch/routing/route_set.rb:678:in `call'
  rack (1.5.2) lib/rack/etag.rb:23:in `call'
  rack (1.5.2) lib/rack/conditionalget.rb:25:in `call'
  rack (1.5.2) lib/rack/head.rb:11:in `call'
  actionpack (4.1.4) lib/action_dispatch/middleware/params_parser.rb:27:in `call'
  actionpack (4.1.4) lib/action_dispatch/middleware/flash.rb:254:in `call'
  rack (1.5.2) lib/rack/session/abstract/id.rb:225:in `context'
  rack (1.5.2) lib/rack/session/abstract/id.rb:220:in `call'
  actionpack (4.1.4) lib/action_dispatch/middleware/cookies.rb:560:in `call'
  activerecord (4.1.4) lib/active_record/query_cache.rb:36:in `call'
  activerecord (4.1.4) lib/active_record/connection_adapters/abstract/connection_pool.rb:621:in `call'
  activerecord (4.1.4) lib/active_record/migration.rb:380:in `call'
  actionpack (4.1.4) lib/action_dispatch/middleware/callbacks.rb:29:in `block in call'
  activesupport (4.1.4) lib/active_support/callbacks.rb:82:in `run_callbacks'
  actionpack (4.1.4) lib/action_dispatch/middleware/callbacks.rb:27:in `call'
  actionpack (4.1.4) lib/action_dispatch/middleware/reloader.rb:73:in `call'
  actionpack (4.1.4) lib/action_dispatch/middleware/remote_ip.rb:76:in `call'
  actionpack (4.1.4) lib/action_dispatch/middleware/debug_exceptions.rb:17:in `call'
  actionpack (4.1.4) lib/action_dispatch/middleware/show_exceptions.rb:30:in `call'
  railties (4.1.4) lib/rails/rack/logger.rb:38:in `call_app'
  railties (4.1.4) lib/rails/rack/logger.rb:20:in `block in call'
  activesupport (4.1.4) lib/active_support/tagged_logging.rb:68:in `block in tagged'
  activesupport (4.1.4) lib/active_support/tagged_logging.rb:26:in `tagged'
  activesupport (4.1.4) lib/active_support/tagged_logging.rb:68:in `tagged'
  railties (4.1.4) lib/rails/rack/logger.rb:20:in `call'
  actionpack (4.1.4) lib/action_dispatch/middleware/request_id.rb:21:in `call'
  rack (1.5.2) lib/rack/methodoverride.rb:21:in `call'
  rack (1.5.2) lib/rack/runtime.rb:17:in `call'
  activesupport (4.1.4) lib/active_support/cache/strategy/local_cache_middleware.rb:26:in `call'
  rack (1.5.2) lib/rack/lock.rb:17:in `call'
  actionpack (4.1.4) lib/action_dispatch/middleware/static.rb:64:in `call'
  rack (1.5.2) lib/rack/sendfile.rb:112:in `call'
  railties (4.1.4) lib/rails/engine.rb:514:in `call'
  railties (4.1.4) lib/rails/application.rb:144:in `call'
  rack (1.5.2) lib/rack/lock.rb:17:in `call'
  rack (1.5.2) lib/rack/content_length.rb:14:in `call'
  rack (1.5.2) lib/rack/handler/webrick.rb:60:in `service'
  /System/Library/Frameworks/Ruby.framework/Versions/2.0/usr/lib/ruby/2.0.0/webrick/httpserver.rb:138:in `service'
  /System/Library/Frameworks/Ruby.framework/Versions/2.0/usr/lib/ruby/2.0.0/webrick/httpserver.rb:94:in `run'
  /System/Library/Frameworks/Ruby.framework/Versions/2.0/usr/lib/ruby/2.0.0/webrick/server.rb:295:in `block in start_thread'


  Rendered /Library/Ruby/Gems/2.0.0/gems/actionpack-4.1.4/lib/action_dispatch/middleware/templates/rescues/unknown_action.html.erb within rescues/layout (0.5ms)


Started GET "/articles/1" for 127.0.0.1 at 2014-07-12 18:22:56 +0700

AbstractController::ActionNotFound (The action 'show' could not be found for ArticlesController):
  actionpack (4.1.4) lib/abstract_controller/base.rb:131:in `process'
  actionview (4.1.4) lib/action_view/rendering.rb:30:in `process'
  actionpack (4.1.4) lib/action_controller/metal.rb:196:in `dispatch'
  actionpack (4.1.4) lib/action_controller/metal/rack_delegation.rb:13:in `dispatch'
  actionpack (4.1.4) lib/action_controller/metal.rb:232:in `block in action'
  actionpack (4.1.4) lib/action_dispatch/routing/route_set.rb:82:in `call'
  actionpack (4.1.4) lib/action_dispatch/routing/route_set.rb:82:in `dispatch'
  actionpack (4.1.4) lib/action_dispatch/routing/route_set.rb:50:in `call'
  actionpack (4.1.4) lib/action_dispatch/journey/router.rb:71:in `block in call'
  actionpack (4.1.4) lib/action_dispatch/journey/router.rb:59:in `each'
  actionpack (4.1.4) lib/action_dispatch/journey/router.rb:59:in `call'
  actionpack (4.1.4) lib/action_dispatch/routing/route_set.rb:678:in `call'
  rack (1.5.2) lib/rack/etag.rb:23:in `call'
  rack (1.5.2) lib/rack/conditionalget.rb:25:in `call'
  rack (1.5.2) lib/rack/head.rb:11:in `call'
  actionpack (4.1.4) lib/action_dispatch/middleware/params_parser.rb:27:in `call'
  actionpack (4.1.4) lib/action_dispatch/middleware/flash.rb:254:in `call'
  rack (1.5.2) lib/rack/session/abstract/id.rb:225:in `context'
  rack (1.5.2) lib/rack/session/abstract/id.rb:220:in `call'
  actionpack (4.1.4) lib/action_dispatch/middleware/cookies.rb:560:in `call'
  activerecord (4.1.4) lib/active_record/query_cache.rb:36:in `call'
  activerecord (4.1.4) lib/active_record/connection_adapters/abstract/connection_pool.rb:621:in `call'
  activerecord (4.1.4) lib/active_record/migration.rb:380:in `call'
  actionpack (4.1.4) lib/action_dispatch/middleware/callbacks.rb:29:in `block in call'
  activesupport (4.1.4) lib/active_support/callbacks.rb:82:in `run_callbacks'
  actionpack (4.1.4) lib/action_dispatch/middleware/callbacks.rb:27:in `call'
  actionpack (4.1.4) lib/action_dispatch/middleware/reloader.rb:73:in `call'
  actionpack (4.1.4) lib/action_dispatch/middleware/remote_ip.rb:76:in `call'
  actionpack (4.1.4) lib/action_dispatch/middleware/debug_exceptions.rb:17:in `call'
  actionpack (4.1.4) lib/action_dispatch/middleware/show_exceptions.rb:30:in `call'
  railties (4.1.4) lib/rails/rack/logger.rb:38:in `call_app'
  railties (4.1.4) lib/rails/rack/logger.rb:20:in `block in call'
  activesupport (4.1.4) lib/active_support/tagged_logging.rb:68:in `block in tagged'
  activesupport (4.1.4) lib/active_support/tagged_logging.rb:26:in `tagged'
  activesupport (4.1.4) lib/active_support/tagged_logging.rb:68:in `tagged'
  railties (4.1.4) lib/rails/rack/logger.rb:20:in `call'
  actionpack (4.1.4) lib/action_dispatch/middleware/request_id.rb:21:in `call'
  rack (1.5.2) lib/rack/methodoverride.rb:21:in `call'
  rack (1.5.2) lib/rack/runtime.rb:17:in `call'
  activesupport (4.1.4) lib/active_support/cache/strategy/local_cache_middleware.rb:26:in `call'
  rack (1.5.2) lib/rack/lock.rb:17:in `call'
  actionpack (4.1.4) lib/action_dispatch/middleware/static.rb:64:in `call'
  rack (1.5.2) lib/rack/sendfile.rb:112:in `call'
  railties (4.1.4) lib/rails/engine.rb:514:in `call'
  railties (4.1.4) lib/rails/application.rb:144:in `call'
  rack (1.5.2) lib/rack/lock.rb:17:in `call'
  rack (1.5.2) lib/rack/content_length.rb:14:in `call'
  rack (1.5.2) lib/rack/handler/webrick.rb:60:in `service'
  /System/Library/Frameworks/Ruby.framework/Versions/2.0/usr/lib/ruby/2.0.0/webrick/httpserver.rb:138:in `service'
  /System/Library/Frameworks/Ruby.framework/Versions/2.0/usr/lib/ruby/2.0.0/webrick/httpserver.rb:94:in `run'
  /System/Library/Frameworks/Ruby.framework/Versions/2.0/usr/lib/ruby/2.0.0/webrick/server.rb:295:in `block in start_thread'


  Rendered /Library/Ruby/Gems/2.0.0/gems/actionpack-4.1.4/lib/action_dispatch/middleware/templates/rescues/unknown_action.html.erb within rescues/layout (0.4ms)


Started GET "/articles/1" for 127.0.0.1 at 2014-07-12 18:23:17 +0700
Processing by ArticlesController#show as HTML
  Parameters: {"id"=>"1"}
  [1m[36mArticle Load (0.1ms)[0m  [1mSELECT  "articles".* FROM "articles"  WHERE "articles"."id" = ? LIMIT 1[0m  [["id", 1]]
Completed 500 Internal Server Error in 7ms

ActionView::MissingTemplate (Missing template articles/show, application/show with {:locale=>[:en], :formats=>[:html], :variants=>[], :handlers=>[:erb, :builder, :raw, :ruby, :jbuilder, :coffee]}. Searched in:
  * "/Users/QuangRau/Dropbox/projects/ruby/blog/app/views"
):
  actionview (4.1.4) lib/action_view/path_set.rb:46:in `find'
  actionview (4.1.4) lib/action_view/lookup_context.rb:124:in `find'
  actionview (4.1.4) lib/action_view/renderer/abstract_renderer.rb:18:in `find_template'
  actionview (4.1.4) lib/action_view/renderer/template_renderer.rb:41:in `determine_template'
  actionview (4.1.4) lib/action_view/renderer/template_renderer.rb:8:in `render'
  actionview (4.1.4) lib/action_view/renderer/renderer.rb:42:in `render_template'
  actionview (4.1.4) lib/action_view/renderer/renderer.rb:23:in `render'
  actionview (4.1.4) lib/action_view/rendering.rb:99:in `_render_template'
  actionpack (4.1.4) lib/action_controller/metal/streaming.rb:217:in `_render_template'
  actionview (4.1.4) lib/action_view/rendering.rb:82:in `render_to_body'
  actionpack (4.1.4) lib/action_controller/metal/rendering.rb:32:in `render_to_body'
  actionpack (4.1.4) lib/action_controller/metal/renderers.rb:32:in `render_to_body'
  actionpack (4.1.4) lib/abstract_controller/rendering.rb:25:in `render'
  actionpack (4.1.4) lib/action_controller/metal/rendering.rb:16:in `render'
  actionpack (4.1.4) lib/action_controller/metal/instrumentation.rb:41:in `block (2 levels) in render'
  activesupport (4.1.4) lib/active_support/core_ext/benchmark.rb:12:in `block in ms'
  /System/Library/Frameworks/Ruby.framework/Versions/2.0/usr/lib/ruby/2.0.0/benchmark.rb:296:in `realtime'
  activesupport (4.1.4) lib/active_support/core_ext/benchmark.rb:12:in `ms'
  actionpack (4.1.4) lib/action_controller/metal/instrumentation.rb:41:in `block in render'
  actionpack (4.1.4) lib/action_controller/metal/instrumentation.rb:84:in `cleanup_view_runtime'
  activerecord (4.1.4) lib/active_record/railties/controller_runtime.rb:25:in `cleanup_view_runtime'
  actionpack (4.1.4) lib/action_controller/metal/instrumentation.rb:40:in `render'
  actionpack (4.1.4) lib/action_controller/metal/implicit_render.rb:10:in `default_render'
  actionpack (4.1.4) lib/action_controller/metal/implicit_render.rb:5:in `send_action'
  actionpack (4.1.4) lib/abstract_controller/base.rb:189:in `process_action'
  actionpack (4.1.4) lib/action_controller/metal/rendering.rb:10:in `process_action'
  actionpack (4.1.4) lib/abstract_controller/callbacks.rb:20:in `block in process_action'
  activesupport (4.1.4) lib/active_support/callbacks.rb:113:in `call'
  activesupport (4.1.4) lib/active_support/callbacks.rb:113:in `call'
  activesupport (4.1.4) lib/active_support/callbacks.rb:229:in `block in halting'
  activesupport (4.1.4) lib/active_support/callbacks.rb:229:in `call'
  activesupport (4.1.4) lib/active_support/callbacks.rb:229:in `block in halting'
  activesupport (4.1.4) lib/active_support/callbacks.rb:166:in `call'
  activesupport (4.1.4) lib/active_support/callbacks.rb:166:in `block in halting'
  activesupport (4.1.4) lib/active_support/callbacks.rb:166:in `call'
  activesupport (4.1.4) lib/active_support/callbacks.rb:166:in `block in halting'
  activesupport (4.1.4) lib/active_support/callbacks.rb:166:in `call'
  activesupport (4.1.4) lib/active_support/callbacks.rb:166:in `block in halting'
  activesupport (4.1.4) lib/active_support/callbacks.rb:86:in `call'
  activesupport (4.1.4) lib/active_support/callbacks.rb:86:in `run_callbacks'
  actionpack (4.1.4) lib/abstract_controller/callbacks.rb:19:in `process_action'
  actionpack (4.1.4) lib/action_controller/metal/rescue.rb:29:in `process_action'
  actionpack (4.1.4) lib/action_controller/metal/instrumentation.rb:31:in `block in process_action'
  activesupport (4.1.4) lib/active_support/notifications.rb:159:in `block in instrument'
  activesupport (4.1.4) lib/active_support/notifications/instrumenter.rb:20:in `instrument'
  activesupport (4.1.4) lib/active_support/notifications.rb:159:in `instrument'
  actionpack (4.1.4) lib/action_controller/metal/instrumentation.rb:30:in `process_action'
  actionpack (4.1.4) lib/action_controller/metal/params_wrapper.rb:250:in `process_action'
  activerecord (4.1.4) lib/active_record/railties/controller_runtime.rb:18:in `process_action'
  actionpack (4.1.4) lib/abstract_controller/base.rb:136:in `process'
  actionview (4.1.4) lib/action_view/rendering.rb:30:in `process'
  actionpack (4.1.4) lib/action_controller/metal.rb:196:in `dispatch'
  actionpack (4.1.4) lib/action_controller/metal/rack_delegation.rb:13:in `dispatch'
  actionpack (4.1.4) lib/action_controller/metal.rb:232:in `block in action'
  actionpack (4.1.4) lib/action_dispatch/routing/route_set.rb:82:in `call'
  actionpack (4.1.4) lib/action_dispatch/routing/route_set.rb:82:in `dispatch'
  actionpack (4.1.4) lib/action_dispatch/routing/route_set.rb:50:in `call'
  actionpack (4.1.4) lib/action_dispatch/journey/router.rb:71:in `block in call'
  actionpack (4.1.4) lib/action_dispatch/journey/router.rb:59:in `each'
  actionpack (4.1.4) lib/action_dispatch/journey/router.rb:59:in `call'
  actionpack (4.1.4) lib/action_dispatch/routing/route_set.rb:678:in `call'
  rack (1.5.2) lib/rack/etag.rb:23:in `call'
  rack (1.5.2) lib/rack/conditionalget.rb:25:in `call'
  rack (1.5.2) lib/rack/head.rb:11:in `call'
  actionpack (4.1.4) lib/action_dispatch/middleware/params_parser.rb:27:in `call'
  actionpack (4.1.4) lib/action_dispatch/middleware/flash.rb:254:in `call'
  rack (1.5.2) lib/rack/session/abstract/id.rb:225:in `context'
  rack (1.5.2) lib/rack/session/abstract/id.rb:220:in `call'
  actionpack (4.1.4) lib/action_dispatch/middleware/cookies.rb:560:in `call'
  activerecord (4.1.4) lib/active_record/query_cache.rb:36:in `call'
  activerecord (4.1.4) lib/active_record/connection_adapters/abstract/connection_pool.rb:621:in `call'
  activerecord (4.1.4) lib/active_record/migration.rb:380:in `call'
  actionpack (4.1.4) lib/action_dispatch/middleware/callbacks.rb:29:in `block in call'
  activesupport (4.1.4) lib/active_support/callbacks.rb:82:in `run_callbacks'
  actionpack (4.1.4) lib/action_dispatch/middleware/callbacks.rb:27:in `call'
  actionpack (4.1.4) lib/action_dispatch/middleware/reloader.rb:73:in `call'
  actionpack (4.1.4) lib/action_dispatch/middleware/remote_ip.rb:76:in `call'
  actionpack (4.1.4) lib/action_dispatch/middleware/debug_exceptions.rb:17:in `call'
  actionpack (4.1.4) lib/action_dispatch/middleware/show_exceptions.rb:30:in `call'
  railties (4.1.4) lib/rails/rack/logger.rb:38:in `call_app'
  railties (4.1.4) lib/rails/rack/logger.rb:20:in `block in call'
  activesupport (4.1.4) lib/active_support/tagged_logging.rb:68:in `block in tagged'
  activesupport (4.1.4) lib/active_support/tagged_logging.rb:26:in `tagged'
  activesupport (4.1.4) lib/active_support/tagged_logging.rb:68:in `tagged'
  railties (4.1.4) lib/rails/rack/logger.rb:20:in `call'
  actionpack (4.1.4) lib/action_dispatch/middleware/request_id.rb:21:in `call'
  rack (1.5.2) lib/rack/methodoverride.rb:21:in `call'
  rack (1.5.2) lib/rack/runtime.rb:17:in `call'
  activesupport (4.1.4) lib/active_support/cache/strategy/local_cache_middleware.rb:26:in `call'
  rack (1.5.2) lib/rack/lock.rb:17:in `call'
  actionpack (4.1.4) lib/action_dispatch/middleware/static.rb:64:in `call'
  rack (1.5.2) lib/rack/sendfile.rb:112:in `call'
  railties (4.1.4) lib/rails/engine.rb:514:in `call'
  railties (4.1.4) lib/rails/application.rb:144:in `call'
  rack (1.5.2) lib/rack/lock.rb:17:in `call'
  rack (1.5.2) lib/rack/content_length.rb:14:in `call'
  rack (1.5.2) lib/rack/handler/webrick.rb:60:in `service'
  /System/Library/Frameworks/Ruby.framework/Versions/2.0/usr/lib/ruby/2.0.0/webrick/httpserver.rb:138:in `service'
  /System/Library/Frameworks/Ruby.framework/Versions/2.0/usr/lib/ruby/2.0.0/webrick/httpserver.rb:94:in `run'
  /System/Library/Frameworks/Ruby.framework/Versions/2.0/usr/lib/ruby/2.0.0/webrick/server.rb:295:in `block in start_thread'


  Rendered /Library/Ruby/Gems/2.0.0/gems/actionpack-4.1.4/lib/action_dispatch/middleware/templates/rescues/missing_template.html.erb within rescues/layout (0.5ms)


Started GET "/articles/1" for 127.0.0.1 at 2014-07-12 18:23:46 +0700
Processing by ArticlesController#show as HTML
  Parameters: {"id"=>"1"}
  [1m[35mArticle Load (0.1ms)[0m  SELECT  "articles".* FROM "articles"  WHERE "articles"."id" = ? LIMIT 1  [["id", 1]]
Completed 500 Internal Server Error in 7ms

ActionView::MissingTemplate (Missing template articles/show, application/show with {:locale=>[:en], :formats=>[:html], :variants=>[], :handlers=>[:erb, :builder, :raw, :ruby, :jbuilder, :coffee]}. Searched in:
  * "/Users/QuangRau/Dropbox/projects/ruby/blog/app/views"
):
  actionview (4.1.4) lib/action_view/path_set.rb:46:in `find'
  actionview (4.1.4) lib/action_view/lookup_context.rb:124:in `find'
  actionview (4.1.4) lib/action_view/renderer/abstract_renderer.rb:18:in `find_template'
  actionview (4.1.4) lib/action_view/renderer/template_renderer.rb:41:in `determine_template'
  actionview (4.1.4) lib/action_view/renderer/template_renderer.rb:8:in `render'
  actionview (4.1.4) lib/action_view/renderer/renderer.rb:42:in `render_template'
  actionview (4.1.4) lib/action_view/renderer/renderer.rb:23:in `render'
  actionview (4.1.4) lib/action_view/rendering.rb:99:in `_render_template'
  actionpack (4.1.4) lib/action_controller/metal/streaming.rb:217:in `_render_template'
  actionview (4.1.4) lib/action_view/rendering.rb:82:in `render_to_body'
  actionpack (4.1.4) lib/action_controller/metal/rendering.rb:32:in `render_to_body'
  actionpack (4.1.4) lib/action_controller/metal/renderers.rb:32:in `render_to_body'
  actionpack (4.1.4) lib/abstract_controller/rendering.rb:25:in `render'
  actionpack (4.1.4) lib/action_controller/metal/rendering.rb:16:in `render'
  actionpack (4.1.4) lib/action_controller/metal/instrumentation.rb:41:in `block (2 levels) in render'
  activesupport (4.1.4) lib/active_support/core_ext/benchmark.rb:12:in `block in ms'
  /System/Library/Frameworks/Ruby.framework/Versions/2.0/usr/lib/ruby/2.0.0/benchmark.rb:296:in `realtime'
  activesupport (4.1.4) lib/active_support/core_ext/benchmark.rb:12:in `ms'
  actionpack (4.1.4) lib/action_controller/metal/instrumentation.rb:41:in `block in render'
  actionpack (4.1.4) lib/action_controller/metal/instrumentation.rb:84:in `cleanup_view_runtime'
  activerecord (4.1.4) lib/active_record/railties/controller_runtime.rb:25:in `cleanup_view_runtime'
  actionpack (4.1.4) lib/action_controller/metal/instrumentation.rb:40:in `render'
  actionpack (4.1.4) lib/action_controller/metal/implicit_render.rb:10:in `default_render'
  actionpack (4.1.4) lib/action_controller/metal/implicit_render.rb:5:in `send_action'
  actionpack (4.1.4) lib/abstract_controller/base.rb:189:in `process_action'
  actionpack (4.1.4) lib/action_controller/metal/rendering.rb:10:in `process_action'
  actionpack (4.1.4) lib/abstract_controller/callbacks.rb:20:in `block in process_action'
  activesupport (4.1.4) lib/active_support/callbacks.rb:113:in `call'
  activesupport (4.1.4) lib/active_support/callbacks.rb:113:in `call'
  activesupport (4.1.4) lib/active_support/callbacks.rb:229:in `block in halting'
  activesupport (4.1.4) lib/active_support/callbacks.rb:229:in `call'
  activesupport (4.1.4) lib/active_support/callbacks.rb:229:in `block in halting'
  activesupport (4.1.4) lib/active_support/callbacks.rb:166:in `call'
  activesupport (4.1.4) lib/active_support/callbacks.rb:166:in `block in halting'
  activesupport (4.1.4) lib/active_support/callbacks.rb:166:in `call'
  activesupport (4.1.4) lib/active_support/callbacks.rb:166:in `block in halting'
  activesupport (4.1.4) lib/active_support/callbacks.rb:166:in `call'
  activesupport (4.1.4) lib/active_support/callbacks.rb:166:in `block in halting'
  activesupport (4.1.4) lib/active_support/callbacks.rb:86:in `call'
  activesupport (4.1.4) lib/active_support/callbacks.rb:86:in `run_callbacks'
  actionpack (4.1.4) lib/abstract_controller/callbacks.rb:19:in `process_action'
  actionpack (4.1.4) lib/action_controller/metal/rescue.rb:29:in `process_action'
  actionpack (4.1.4) lib/action_controller/metal/instrumentation.rb:31:in `block in process_action'
  activesupport (4.1.4) lib/active_support/notifications.rb:159:in `block in instrument'
  activesupport (4.1.4) lib/active_support/notifications/instrumenter.rb:20:in `instrument'
  activesupport (4.1.4) lib/active_support/notifications.rb:159:in `instrument'
  actionpack (4.1.4) lib/action_controller/metal/instrumentation.rb:30:in `process_action'
  actionpack (4.1.4) lib/action_controller/metal/params_wrapper.rb:250:in `process_action'
  activerecord (4.1.4) lib/active_record/railties/controller_runtime.rb:18:in `process_action'
  actionpack (4.1.4) lib/abstract_controller/base.rb:136:in `process'
  actionview (4.1.4) lib/action_view/rendering.rb:30:in `process'
  actionpack (4.1.4) lib/action_controller/metal.rb:196:in `dispatch'
  actionpack (4.1.4) lib/action_controller/metal/rack_delegation.rb:13:in `dispatch'
  actionpack (4.1.4) lib/action_controller/metal.rb:232:in `block in action'
  actionpack (4.1.4) lib/action_dispatch/routing/route_set.rb:82:in `call'
  actionpack (4.1.4) lib/action_dispatch/routing/route_set.rb:82:in `dispatch'
  actionpack (4.1.4) lib/action_dispatch/routing/route_set.rb:50:in `call'
  actionpack (4.1.4) lib/action_dispatch/journey/router.rb:71:in `block in call'
  actionpack (4.1.4) lib/action_dispatch/journey/router.rb:59:in `each'
  actionpack (4.1.4) lib/action_dispatch/journey/router.rb:59:in `call'
  actionpack (4.1.4) lib/action_dispatch/routing/route_set.rb:678:in `call'
  rack (1.5.2) lib/rack/etag.rb:23:in `call'
  rack (1.5.2) lib/rack/conditionalget.rb:25:in `call'
  rack (1.5.2) lib/rack/head.rb:11:in `call'
  actionpack (4.1.4) lib/action_dispatch/middleware/params_parser.rb:27:in `call'
  actionpack (4.1.4) lib/action_dispatch/middleware/flash.rb:254:in `call'
  rack (1.5.2) lib/rack/session/abstract/id.rb:225:in `context'
  rack (1.5.2) lib/rack/session/abstract/id.rb:220:in `call'
  actionpack (4.1.4) lib/action_dispatch/middleware/cookies.rb:560:in `call'
  activerecord (4.1.4) lib/active_record/query_cache.rb:36:in `call'
  activerecord (4.1.4) lib/active_record/connection_adapters/abstract/connection_pool.rb:621:in `call'
  activerecord (4.1.4) lib/active_record/migration.rb:380:in `call'
  actionpack (4.1.4) lib/action_dispatch/middleware/callbacks.rb:29:in `block in call'
  activesupport (4.1.4) lib/active_support/callbacks.rb:82:in `run_callbacks'
  actionpack (4.1.4) lib/action_dispatch/middleware/callbacks.rb:27:in `call'
  actionpack (4.1.4) lib/action_dispatch/middleware/reloader.rb:73:in `call'
  actionpack (4.1.4) lib/action_dispatch/middleware/remote_ip.rb:76:in `call'
  actionpack (4.1.4) lib/action_dispatch/middleware/debug_exceptions.rb:17:in `call'
  actionpack (4.1.4) lib/action_dispatch/middleware/show_exceptions.rb:30:in `call'
  railties (4.1.4) lib/rails/rack/logger.rb:38:in `call_app'
  railties (4.1.4) lib/rails/rack/logger.rb:20:in `block in call'
  activesupport (4.1.4) lib/active_support/tagged_logging.rb:68:in `block in tagged'
  activesupport (4.1.4) lib/active_support/tagged_logging.rb:26:in `tagged'
  activesupport (4.1.4) lib/active_support/tagged_logging.rb:68:in `tagged'
  railties (4.1.4) lib/rails/rack/logger.rb:20:in `call'
  actionpack (4.1.4) lib/action_dispatch/middleware/request_id.rb:21:in `call'
  rack (1.5.2) lib/rack/methodoverride.rb:21:in `call'
  rack (1.5.2) lib/rack/runtime.rb:17:in `call'
  activesupport (4.1.4) lib/active_support/cache/strategy/local_cache_middleware.rb:26:in `call'
  rack (1.5.2) lib/rack/lock.rb:17:in `call'
  actionpack (4.1.4) lib/action_dispatch/middleware/static.rb:64:in `call'
  rack (1.5.2) lib/rack/sendfile.rb:112:in `call'
  railties (4.1.4) lib/rails/engine.rb:514:in `call'
  railties (4.1.4) lib/rails/application.rb:144:in `call'
  rack (1.5.2) lib/rack/lock.rb:17:in `call'
  rack (1.5.2) lib/rack/content_length.rb:14:in `call'
  rack (1.5.2) lib/rack/handler/webrick.rb:60:in `service'
  /System/Library/Frameworks/Ruby.framework/Versions/2.0/usr/lib/ruby/2.0.0/webrick/httpserver.rb:138:in `service'
  /System/Library/Frameworks/Ruby.framework/Versions/2.0/usr/lib/ruby/2.0.0/webrick/httpserver.rb:94:in `run'
  /System/Library/Frameworks/Ruby.framework/Versions/2.0/usr/lib/ruby/2.0.0/webrick/server.rb:295:in `block in start_thread'


  Rendered /Library/Ruby/Gems/2.0.0/gems/actionpack-4.1.4/lib/action_dispatch/middleware/templates/rescues/missing_template.html.erb within rescues/layout (0.4ms)


Started GET "/articles/1" for 127.0.0.1 at 2014-07-12 18:24:17 +0700
Processing by ArticlesController#show as HTML
  Parameters: {"id"=>"1"}
  [1m[36mArticle Load (0.1ms)[0m  [1mSELECT  "articles".* FROM "articles"  WHERE "articles"."id" = ? LIMIT 1[0m  [["id", 1]]
  Rendered articles/show.html.erb within layouts/application (0.5ms)
Completed 200 OK in 6ms (Views: 4.8ms | ActiveRecord: 0.1ms)


Started GET "/assets/articles.css?body=1" for 127.0.0.1 at 2014-07-12 18:24:17 +0700


Started GET "/assets/application.css?body=1" for 127.0.0.1 at 2014-07-12 18:24:17 +0700


Started GET "/assets/welcome.css?body=1" for 127.0.0.1 at 2014-07-12 18:24:17 +0700


Started GET "/assets/jquery.js?body=1" for 127.0.0.1 at 2014-07-12 18:24:17 +0700


Started GET "/assets/jquery_ujs.js?body=1" for 127.0.0.1 at 2014-07-12 18:24:17 +0700


Started GET "/assets/articles.js?body=1" for 127.0.0.1 at 2014-07-12 18:24:17 +0700


Started GET "/assets/turbolinks.js?body=1" for 127.0.0.1 at 2014-07-12 18:24:17 +0700


Started GET "/assets/welcome.js?body=1" for 127.0.0.1 at 2014-07-12 18:24:17 +0700


Started GET "/assets/application.js?body=1" for 127.0.0.1 at 2014-07-12 18:24:17 +0700


Started GET "/articles/1" for 127.0.0.1 at 2014-07-12 18:25:11 +0700
Processing by ArticlesController#show as HTML
  Parameters: {"id"=>"1"}
  [1m[35mArticle Load (0.1ms)[0m  SELECT  "articles".* FROM "articles"  WHERE "articles"."id" = ? LIMIT 1  [["id", 1]]
  Rendered articles/show.html.erb within layouts/application (0.5ms)
Completed 200 OK in 6ms (Views: 4.6ms | ActiveRecord: 0.1ms)


Started GET "/assets/articles.css?body=1" for 127.0.0.1 at 2014-07-12 18:25:11 +0700


Started GET "/assets/application.css?body=1" for 127.0.0.1 at 2014-07-12 18:25:11 +0700


Started GET "/assets/jquery_ujs.js?body=1" for 127.0.0.1 at 2014-07-12 18:25:11 +0700


Started GET "/assets/turbolinks.js?body=1" for 127.0.0.1 at 2014-07-12 18:25:11 +0700


Started GET "/assets/jquery.js?body=1" for 127.0.0.1 at 2014-07-12 18:25:11 +0700


Started GET "/assets/welcome.css?body=1" for 127.0.0.1 at 2014-07-12 18:25:11 +0700


Started GET "/assets/articles.js?body=1" for 127.0.0.1 at 2014-07-12 18:25:11 +0700


Started GET "/assets/welcome.js?body=1" for 127.0.0.1 at 2014-07-12 18:25:11 +0700


Started GET "/assets/application.js?body=1" for 127.0.0.1 at 2014-07-12 18:25:11 +0700


Started GET "/articles/new" for 127.0.0.1 at 2014-07-12 18:26:45 +0700
Processing by ArticlesController#new as HTML
  Rendered articles/new.html.erb within layouts/application (1.1ms)
Completed 200 OK in 6ms (Views: 5.3ms | ActiveRecord: 0.0ms)


Started GET "/assets/articles.css?body=1" for 127.0.0.1 at 2014-07-12 18:26:45 +0700


Started GET "/assets/welcome.css?body=1" for 127.0.0.1 at 2014-07-12 18:26:45 +0700


Started GET "/assets/jquery_ujs.js?body=1" for 127.0.0.1 at 2014-07-12 18:26:45 +0700


Started GET "/assets/turbolinks.js?body=1" for 127.0.0.1 at 2014-07-12 18:26:45 +0700


Started GET "/assets/jquery.js?body=1" for 127.0.0.1 at 2014-07-12 18:26:45 +0700


Started GET "/assets/application.css?body=1" for 127.0.0.1 at 2014-07-12 18:26:45 +0700


Started GET "/assets/articles.js?body=1" for 127.0.0.1 at 2014-07-12 18:26:45 +0700


Started GET "/assets/welcome.js?body=1" for 127.0.0.1 at 2014-07-12 18:26:45 +0700


Started GET "/assets/application.js?body=1" for 127.0.0.1 at 2014-07-12 18:26:45 +0700


Started POST "/articles" for 127.0.0.1 at 2014-07-12 18:26:59 +0700
Processing by ArticlesController#create as HTML
  Parameters: {"utf8"=>"✓", "authenticity_token"=>"X1a6/qusyPExkktVWoFu3G7lk/vd5kNH5PkbVAho8kU=", "article"=>{"title"=>"second post", "text"=>"Yeah! it's awesome"}, "commit"=>"Save Article"}
  [1m[36m (0.1ms)[0m  [1mbegin transaction[0m
  [1m[35mSQL (0.3ms)[0m  INSERT INTO "articles" ("created_at", "text", "title", "updated_at") VALUES (?, ?, ?, ?)  [["created_at", "2014-07-12 11:26:59.544747"], ["text", "Yeah! it's awesome"], ["title", "second post"], ["updated_at", "2014-07-12 11:26:59.544747"]]
  [1m[36m (1.6ms)[0m  [1mcommit transaction[0m
Redirected to http://localhost:3000/articles/2
Completed 302 Found in 10ms (ActiveRecord: 2.3ms)


Started GET "/articles/2" for 127.0.0.1 at 2014-07-12 18:26:59 +0700
Processing by ArticlesController#show as HTML
  Parameters: {"id"=>"2"}
  [1m[35mArticle Load (0.2ms)[0m  SELECT  "articles".* FROM "articles"  WHERE "articles"."id" = ? LIMIT 1  [["id", 2]]
  Rendered articles/show.html.erb within layouts/application (0.1ms)
Completed 200 OK in 6ms (Views: 4.2ms | ActiveRecord: 0.2ms)


Started GET "/assets/articles.css?body=1" for 127.0.0.1 at 2014-07-12 18:26:59 +0700


Started GET "/assets/jquery.js?body=1" for 127.0.0.1 at 2014-07-12 18:26:59 +0700


Started GET "/assets/jquery_ujs.js?body=1" for 127.0.0.1 at 2014-07-12 18:26:59 +0700


Started GET "/assets/welcome.css?body=1" for 127.0.0.1 at 2014-07-12 18:26:59 +0700


Started GET "/assets/application.css?body=1" for 127.0.0.1 at 2014-07-12 18:26:59 +0700


Started GET "/assets/turbolinks.js?body=1" for 127.0.0.1 at 2014-07-12 18:26:59 +0700


Started GET "/assets/articles.js?body=1" for 127.0.0.1 at 2014-07-12 18:26:59 +0700


Started GET "/assets/welcome.js?body=1" for 127.0.0.1 at 2014-07-12 18:26:59 +0700


Started GET "/assets/application.js?body=1" for 127.0.0.1 at 2014-07-12 18:26:59 +0700


Started GET "/articles/show" for 127.0.0.1 at 2014-07-12 18:27:07 +0700
Processing by ArticlesController#show as HTML
  Parameters: {"id"=>"show"}
  [1m[36mArticle Load (0.1ms)[0m  [1mSELECT  "articles".* FROM "articles"  WHERE "articles"."id" = ? LIMIT 1[0m  [["id", 0]]
Completed 404 Not Found in 2ms

ActiveRecord::RecordNotFound (Couldn't find Article with 'id'=show):
  app/controllers/articles_controller.rb:18:in `show'


  Rendered /Library/Ruby/Gems/2.0.0/gems/actionpack-4.1.4/lib/action_dispatch/middleware/templates/rescues/_source.erb (0.5ms)
  Rendered /Library/Ruby/Gems/2.0.0/gems/actionpack-4.1.4/lib/action_dispatch/middleware/templates/rescues/_trace.html.erb (1.0ms)
  Rendered /Library/Ruby/Gems/2.0.0/gems/actionpack-4.1.4/lib/action_dispatch/middleware/templates/rescues/_request_and_response.html.erb (0.9ms)
  Rendered /Library/Ruby/Gems/2.0.0/gems/actionpack-4.1.4/lib/action_dispatch/middleware/templates/rescues/diagnostics.erb within rescues/layout (12.8ms)


Started GET "/articles/" for 127.0.0.1 at 2014-07-12 18:27:13 +0700
Processing by ArticlesController#index as HTML
  Rendered articles/index.html.erb within layouts/application (1.1ms)
Completed 500 Internal Server Error in 4ms

ActionView::Template::Error (undefined method `each' for nil:NilClass):
     6:     <th>Text</th>
     7:   </tr>
     8:  
     9:   <% @articles.each do |article| %>
    10:     <tr>
    11:       <td><%= article.title %></td>
    12:       <td><%= article.text %></td>
  app/views/articles/index.html.erb:9:in `_app_views_articles_index_html_erb__154049841215135754_70355638406180'


  Rendered /Library/Ruby/Gems/2.0.0/gems/actionpack-4.1.4/lib/action_dispatch/middleware/templates/rescues/_trace.html.erb (1.1ms)
  Rendered /Library/Ruby/Gems/2.0.0/gems/actionpack-4.1.4/lib/action_dispatch/middleware/templates/rescues/_request_and_response.html.erb (0.8ms)
  Rendered /Library/Ruby/Gems/2.0.0/gems/actionpack-4.1.4/lib/action_dispatch/middleware/templates/rescues/template_error.html.erb within rescues/layout (9.7ms)


Started GET "/articles/" for 127.0.0.1 at 2014-07-12 18:28:35 +0700
Processing by ArticlesController#index as HTML
  Rendered articles/index.html.erb within layouts/application (0.6ms)
Completed 500 Internal Server Error in 4ms

ActionView::Template::Error (undefined method `each' for nil:NilClass):
     6:     <th>Text</th>
     7:   </tr>
     8:  
     9:   <% @articles.each do |article| %>
    10:     <tr>
    11:       <td><%= article.title %></td>
    12:       <td><%= article.text %></td>
  app/views/articles/index.html.erb:9:in `_app_views_articles_index_html_erb__154049841215135754_70355638406180'


  Rendered /Library/Ruby/Gems/2.0.0/gems/actionpack-4.1.4/lib/action_dispatch/middleware/templates/rescues/_trace.html.erb (1.0ms)
  Rendered /Library/Ruby/Gems/2.0.0/gems/actionpack-4.1.4/lib/action_dispatch/middleware/templates/rescues/_request_and_response.html.erb (0.8ms)
  Rendered /Library/Ruby/Gems/2.0.0/gems/actionpack-4.1.4/lib/action_dispatch/middleware/templates/rescues/template_error.html.erb within rescues/layout (9.6ms)


Started GET "/articles/" for 127.0.0.1 at 2014-07-12 18:30:08 +0700
Processing by ArticlesController#index as HTML
  [1m[35mArticle Load (0.3ms)[0m  SELECT "articles".* FROM "articles"
  Rendered articles/index.html.erb within layouts/application (4.5ms)
Completed 200 OK in 10ms (Views: 8.3ms | ActiveRecord: 0.5ms)


Started GET "/assets/articles.css?body=1" for 127.0.0.1 at 2014-07-12 18:30:08 +0700


Started GET "/assets/jquery.js?body=1" for 127.0.0.1 at 2014-07-12 18:30:08 +0700


Started GET "/assets/turbolinks.js?body=1" for 127.0.0.1 at 2014-07-12 18:30:08 +0700


Started GET "/assets/application.css?body=1" for 127.0.0.1 at 2014-07-12 18:30:08 +0700


Started GET "/assets/jquery_ujs.js?body=1" for 127.0.0.1 at 2014-07-12 18:30:08 +0700


Started GET "/assets/welcome.css?body=1" for 127.0.0.1 at 2014-07-12 18:30:08 +0700


Started GET "/assets/articles.js?body=1" for 127.0.0.1 at 2014-07-12 18:30:08 +0700


Started GET "/assets/welcome.js?body=1" for 127.0.0.1 at 2014-07-12 18:30:08 +0700


Started GET "/assets/application.js?body=1" for 127.0.0.1 at 2014-07-12 18:30:08 +0700
